#
# A fatal error has been detected by the Java Runtime Environment:
#
#  SIGSEGV (0xb) at pc=0x00007fb9e50696ba, pid=15707, tid=140436015769344
#
# JRE version: Java(TM) SE Runtime Environment (8.0_45-b14) (build 1.8.0_45-b14)
# Java VM: Java HotSpot(TM) 64-Bit Server VM (25.45-b02 mixed mode linux-amd64 compressed oops)
# Problematic frame:
# v  ~BufferBlob::jni_fast_GetLongField
#
# Failed to write core dump. Core dumps have been disabled. To enable core dumping, try "ulimit -c unlimited" before starting Java again
#
# If you would like to submit a bug report, please visit:
#   http://bugreport.java.com/bugreport/crash.jsp
# The crash happened outside the Java Virtual Machine in native code.
# See problematic frame for where to report the bug.
#

---------------  T H R E A D  ---------------

Current thread (0x00007fb99c10f800):  JavaThread "AWT-XAWT" daemon [_thread_in_native, id=15729, stack(0x00007fb9ceb56000,0x00007fb9ced57000)]

siginfo: si_signo: 11 (SIGSEGV), si_code: 1 (SEGV_MAPERR), si_addr: 0x0000000000000000

Registers:
RAX=0x00007fba03880ce0, RBX=0x00007fb99c10f9f8, RCX=0x00007fba042dc320, RDX=0x0000000000000042
RSP=0x00007fb9ced557f8, RBP=0x00007fb9ced55820, RSI=0x0000000000000000, RDI=0x00007fb99c10f9f8
R8 =0x00000000cee73318, R9 =0x0000000000000000, R10=0x0000000000001404, R11=0x00007fb9e582be18
R12=0x00007fb97801fc60, R13=0x0000000000000000, R14=0x00007fb9dc3257e0, R15=0x00007fb99c10f800
RIP=0x00007fb9e50696ba, EFLAGS=0x0000000000010246, CSGSFS=0x0000000000000033, ERR=0x0000000000000004
  TRAPNO=0x000000000000000e

Top of Stack: (sp=0x00007fb9ced557f8)
0x00007fb9ced557f8:   00007fb9dc104201 00007fb9f88dd390
0x00007fb9ced55808:   00007fb97801fc60 00007fb9ced558d0
0x00007fb9ced55818:   00007fb9ced558a0 0000000000000000
0x00007fb9ced55828:   00007fba020deae8 00007fb9f88dd390
0x00007fb9ced55838:   00007fb9ced55860 0000000000000000
0x00007fb9ced55848:   00007fba020d69a3 00007fb9ced558d0
0x00007fb9ced55858:   00007fb9dc0fd4bf 00007fb9ced558b0
0x00007fb9ced55868:   00007fb9e582beb6 0000000000000000
0x00007fb9ced55878:   00007fb9e5603ff6 00007fb9ced558d0
0x00007fb9ced55888:   00007fb9e5125a2c 00007fb9ced55930
0x00007fb9ced55898:   00000000cee731d0 00000000cef31e10
0x00007fb9ced558a8:   0000000000000001 00007fb9ced55930
0x00007fb9ced558b8:   00007fb9e5007420 00007fb9ced55930
0x00007fb9ced558c8:   00007fb9e5007420 0000000000000000
0x00007fb9ced558d8:   00007fb9e5007760 00007fb988002e20
0x00007fb9ced558e8:   00000000cf0de768 00007fb9ced558f0
0x00007fb9ced558f8:   00007fb9cefaf754 00007fb9ced55978
0x00007fb9ced55908:   00007fb9cefb85d8 0000000000000000
0x00007fb9ced55918:   00007fb9cefaf888 00007fb9ced558d0
0x00007fb9ced55928:   00007fb9ced55970 00007fb9ced559c0
0x00007fb9ced55938:   00007fb9e5007c4d 0000000000000000
0x00007fb9ced55948:   00000000f1f03f88 0000000000000000
0x00007fb9ced55958:   0000000000000000 0000000000000000
0x00007fb9ced55968:   00000000cf0de768 0000000000000000
0x00007fb9ced55978:   00000000cf2d4b98 00007fb9ced55980
0x00007fb9ced55988:   00007fb9cefaf595 00007fb9ced559d0
0x00007fb9ced55998:   00007fb9cefb85d8 0000000000000000
0x00007fb9ced559a8:   00007fb9cefaf5a0 00007fb9ced55970
0x00007fb9ced559b8:   00007fb9ced559d0 00007fb9ced55a18
0x00007fb9ced559c8:   00007fb9e5007c92 00000000cf2d4b98
0x00007fb9ced559d8:   00007fb9ced559d8 00007fb9f82af81b
0x00007fb9ced559e8:   00007fb9ced55a28 00007fb9f8335f00 

Instructions: (pc=0x00007fb9e50696ba)
0x00007fb9e506969a:   00 00 00 00 00 00 44 8b 15 01 06 85 1e 4c 8b ce
0x00007fb9e50696aa:   41 f6 c2 01 0f 85 2e 00 00 00 4d 33 ca 4d 33 ca
0x00007fb9e50696ba:   4d 8b 09 4c 8b da 49 c1 eb 02 4b 8b 04 19 49 bb
0x00007fb9e50696ca:   a8 9c 8b 03 ba 7f 00 00 4c 33 d8 4c 33 d8 45 3b 

Register to memory mapping:

RAX=0x00007fba03880ce0: <offset 0xf64ce0> in /home/nhuan/jdk1.8.0_45/jre/lib/amd64/server/libjvm.so at 0x00007fba0291c000
RBX=0x00007fb99c10f9f8 is an unknown value
RCX=0x00007fba042dc320: <offset 0x219320> in /lib/x86_64-linux-gnu/libpthread.so.0 at 0x00007fba040c3000
RDX=0x0000000000000042 is an unknown value
RSP=0x00007fb9ced557f8 is pointing into the stack for thread: 0x00007fb99c10f800
RBP=0x00007fb9ced55820 is pointing into the stack for thread: 0x00007fb99c10f800
RSI=0x0000000000000000 is an unknown value
RDI=0x00007fb99c10f9f8 is an unknown value
R8 =0x00000000cee73318 is an oop
java.util.logging.Logger 
 - klass: 'java/util/logging/Logger'
R9 =0x0000000000000000 is an unknown value
R10=0x0000000000001404 is an unknown value
R11=0x00007fb9e582be18 is at entry_point+24 in (nmethod*)0x00007fb9e582bc90
R12=0x00007fb97801fc60 is an unknown value
R13=0x0000000000000000 is an unknown value
R14=0x00007fb9dc3257e0: <offset 0x2587e0> in /home/nhuan/jdk1.8.0_45/jre/lib/amd64/libawt_xawt.so at 0x00007fb9dc0cd000
R15=0x00007fb99c10f800 is a thread


Stack: [0x00007fb9ceb56000,0x00007fb9ced57000],  sp=0x00007fb9ced557f8,  free space=2045k
Native frames: (J=compiled Java code, j=interpreted, Vv=VM code, C=native code)
v  ~BufferBlob::jni_fast_GetLongField
C  [libX11.so.6+0x61ae8]  _XimServerDestroy+0x58

Java frames: (J=compiled Java code, j=interpreted, Vv=VM code)
J 6349  sun.awt.X11.XlibWrapper.XFilterEvent(JJ)Z (0 bytes) @ 0x00007fb9e582be44 [0x00007fb9e582be00+0x44]
j  sun.awt.X11.XToolkit.run(Z)V+300
j  sun.awt.X11.XToolkit.run()V+5
j  java.lang.Thread.run()V+11
v  ~StubRoutines::call_stub

---------------  P R O C E S S  ---------------

Java Threads: ( => current thread )
  0x00007fb9788c6000 JavaThread "Inactive RequestProcessor thread [Was:Logging Flush/org.netbeans.core.startup.logging.DispatchingHandler]" daemon [_thread_blocked, id=15840, stack(0x00007fb95a003000,0x00007fb95a204000)]
  0x00007fb9788c4800 JavaThread "Inactive RequestProcessor thread [Was:MimePathLookupFiring/org.openide.util.lookup.ProxyLookup$1Notify]" daemon [_thread_blocked, id=15839, stack(0x00007fb95a204000,0x00007fb95a405000)]
  0x00007fb97c175800 JavaThread "Inactive RequestProcessor thread [Was:TimedSoftReference/org.openide.util.TimedSoftReference]" daemon [_thread_blocked, id=15838, stack(0x00007fb95a405000,0x00007fb95a606000)]
  0x00007fb990001000 JavaThread "org.netbeans.modules.java.api.common.project.ui.LogicalViewProviders" daemon [_thread_blocked, id=15837, stack(0x00007fb95a606000,0x00007fb95a807000)]
  0x00007fb9788a4000 JavaThread "Netigso Events" daemon [_thread_blocked, id=15836, stack(0x00007fb95aa07000,0x00007fb95ac08000)]
  0x00007fb9f400b800 JavaThread "DestroyJavaVM" [_thread_blocked, id=15709, stack(0x00007fb9fbdff000,0x00007fb9fc000000)]
  0x00007fb99c662000 JavaThread "TimerQueue" daemon [_thread_blocked, id=15764, stack(0x00007fb95c7b6000,0x00007fb95c9b7000)]
  0x00007fb99c5a2800 JavaThread "process reaper" daemon [_thread_blocked, id=15762, stack(0x00007fb9e40b8000,0x00007fb9e40f1000)]
  0x00007fb99c5a0800 JavaThread "process reaper" daemon [_thread_blocked, id=15760, stack(0x00007fb9f801e000,0x00007fb9f8057000)]
  0x00007fb99c0cb000 JavaThread "Deadlock Detector" [_thread_blocked, id=15755, stack(0x00007fb95d1b9000,0x00007fb95d3ba000)]
  0x00007fb99c574000 JavaThread "Thread-2" daemon [_thread_blocked, id=15753, stack(0x00007fb960530000,0x00007fb960731000)]
  0x00007fb970031000 JavaThread "File Watcher" daemon [_thread_in_native, id=15745, stack(0x00007fb96385b000,0x00007fb963a5c000)]
  0x00007fb99c3e0000 JavaThread "Inactive RequestProcessor thread [Was:WinSysModuleChangeHandler/org.netbeans.core.windows.persistence.ModuleChangeHandler$1]" daemon [_thread_blocked, id=15744, stack(0x00007fb9ccdb0000,0x00007fb9ccfb1000)]
  0x00007fb99c3de800 JavaThread "org.netbeans.modules.java.api.common.project.ProjectHooks$ProjectOpenedHookImpl" daemon [_thread_in_native, id=15743, stack(0x00007fb9ccfb1000,0x00007fb9cd1b2000)]
  0x00007fb99c3c2000 JavaThread "Inactive RequestProcessor thread [Was:OpenIDE-request-processor-1/org.netbeans.core.startup.preferences.NbPreferences$1]" daemon [_thread_blocked, id=15742, stack(0x00007fb9cd3b2000,0x00007fb9cd5b3000)]
  0x00007fb99c3c0800 JavaThread "Inactive RequestProcessor thread [Was:org.netbeans.modules.project.ui.problems.BrokenProjectAnnotator.fire/org.netbeans.modules.project.ui.problems.BrokenProjectAnnotator$1]" daemon [_thread_blocked, id=15741, stack(0x00007fb9cd5b3000,0x00007fb9cd7b4000)]
  0x00007fb99c39a000 JavaThread "On Start/Stop" daemon [_thread_blocked, id=15740, stack(0x00007fb9cd7b4000,0x00007fb9cd9b5000)]
  0x00007fb99c3cc800 JavaThread "AWT-EventQueue-0" [_thread_blocked, id=15739, stack(0x00007fb9cd9b5000,0x00007fb9cdbb6000)]
  0x00007fb99c3b1000 JavaThread "AWT-Shutdown" [_thread_blocked, id=15738, stack(0x00007fb9cdbb6000,0x00007fb9cddb7000)]
=>0x00007fb99c10f800 JavaThread "AWT-XAWT" daemon [_thread_in_native, id=15729, stack(0x00007fb9ceb56000,0x00007fb9ced57000)]
  0x00007fb99c0ed800 JavaThread "Java2D Disposer" daemon [_thread_blocked, id=15728, stack(0x00007fb9ced57000,0x00007fb9cef58000)]
  0x00007fb99c02b000 JavaThread "RequestProcessor queue manager" daemon [_thread_blocked, id=15727, stack(0x00007fb9cf5e7000,0x00007fb9cf7e8000)]
  0x00007fb9f450a800 JavaThread "Editor Parsing Loop (201411181905)" daemon [_thread_blocked, id=15725, stack(0x00007fb9cf9e9000,0x00007fb9cfbea000)]
  0x00007fb9f44ff000 JavaThread "CLI Requests Server" daemon [_thread_in_native, id=15724, stack(0x00007fb9dc5f8000,0x00007fb9dc7f9000)]
  0x00007fb9f44da800 JavaThread "Active Reference Queue Daemon" daemon [_thread_blocked, id=15723, stack(0x00007fb9decce000,0x00007fb9deecf000)]
  0x00007fb9f42a8000 JavaThread "Service Thread" daemon [_thread_blocked, id=15721, stack(0x00007fb9df3f8000,0x00007fb9df5f9000)]
  0x00007fb9f42a2800 JavaThread "C1 CompilerThread2" daemon [_thread_blocked, id=15720, stack(0x00007fb9df5f9000,0x00007fb9df6fa000)]
  0x00007fb9f42a1000 JavaThread "C2 CompilerThread1" daemon [_thread_blocked, id=15719, stack(0x00007fb9df6fa000,0x00007fb9df7fb000)]
  0x00007fb9f429e000 JavaThread "C2 CompilerThread0" daemon [_thread_blocked, id=15718, stack(0x00007fb9df7fb000,0x00007fb9df8fc000)]
  0x00007fb9f429c800 JavaThread "Signal Dispatcher" daemon [_thread_in_native, id=15717, stack(0x00007fb9df8fc000,0x00007fb9dfafd000)]
  0x00007fb9f4265800 JavaThread "Finalizer" daemon [_thread_blocked, id=15716, stack(0x00007fb9dfafd000,0x00007fb9dfcfe000)]
  0x00007fb9f4263800 JavaThread "Reference Handler" daemon [_thread_blocked, id=15715, stack(0x00007fb9dfcfe000,0x00007fb9dfeff000)]

Other Threads:
  0x00007fb9f425e800 VMThread [stack: 0x00007fb9dfeff000,0x00007fb9e0000000] [id=15714]
  0x00007fb9f42aa800 WatcherThread [stack: 0x00007fb9df2f7000,0x00007fb9df3f8000] [id=15722]

VM state:not at safepoint (normal execution)

VM Mutex/Monitor currently owned by a thread: None

Heap:
 PSYoungGen      total 198144K, used 54582K [0x00000000efa00000, 0x00000000fd380000, 0x0000000100000000)
  eden space 179712K, 24% used [0x00000000efa00000,0x00000000f2420560,0x00000000fa980000)
  from space 18432K, 62% used [0x00000000fc180000,0x00000000fccad688,0x00000000fd380000)
  to   space 21504K, 0% used [0x00000000fa980000,0x00000000fa980000,0x00000000fbe80000)
 ParOldGen       total 114688K, used 68955K [0x00000000cee00000, 0x00000000d5e00000, 0x00000000efa00000)
  object space 114688K, 60% used [0x00000000cee00000,0x00000000d3156dd0,0x00000000d5e00000)
 Metaspace       used 79457K, capacity 89074K, committed 89384K, reserved 1126400K
  class space    used 9932K, capacity 12744K, committed 12840K, reserved 1048576K

Card table byte_map: [0x00007fba0004b000,0x00007fba001d5000] byte_map_base: 0x00007fb9ff9d4000

Marking Bits: (ParMarkBitMap*) 0x00007fba038b9760
 Begin Bits: [0x00007fb9f8c0b000, 0x00007fb9f9853000)
 End Bits:   [0x00007fb9f9853000, 0x00007fb9fa49b000)

Polling page: 0x00007fba044ff000

CodeCache: size=245760Kb used=34466Kb max_used=34559Kb free=211293Kb
 bounds [0x00007fb9e5000000, 0x00007fb9e7200000, 0x00007fb9f4000000]
 total_blobs=10678 nmethods=9810 adapters=777
 compilation: enabled

Compilation events (10 events):
Event: 48,561 Thread 0x00007fb9f42a2800 nmethod 12515 0x00007fb9e6bd1510 code [0x00007fb9e6bd16c0, 0x00007fb9e6bd1da8]
Event: 48,561 Thread 0x00007fb9f42a2800 12517       3       com.sun.org.apache.xerces.internal.dom.NodeImpl::changes (8 bytes)
Event: 48,562 Thread 0x00007fb9f42a2800 nmethod 12517 0x00007fb9e6bd1010 code [0x00007fb9e6bd1180, 0x00007fb9e6bd1428]
Event: 48,562 Thread 0x00007fb9f42a2800 12518       3       com.sun.org.apache.xerces.internal.util.SymbolTable$Entry::<init> (48 bytes)
Event: 48,562 Thread 0x00007fb9f42a2800 nmethod 12518 0x00007fb9e6550350 code [0x00007fb9e65504e0, 0x00007fb9e65509f8]
Event: 48,563 Thread 0x00007fb9f429e000 nmethod 12516 0x00007fb9e71ee890 code [0x00007fb9e71eea00, 0x00007fb9e71eeb58]
Event: 48,843 Thread 0x00007fb9f42a1000 12519       4       java.beans.PropertyChangeEvent::<init> (22 bytes)
Event: 48,844 Thread 0x00007fb9f42a1000 nmethod 12519 0x00007fb9e71ee590 code [0x00007fb9e71ee6e0, 0x00007fb9e71ee798]
Event: 49,593 Thread 0x00007fb9f42a2800 12520       3       java.text.DecimalFormat::expandAffix (188 bytes)
Event: 49,594 Thread 0x00007fb9f42a2800 nmethod 12520 0x00007fb9e7086550 code [0x00007fb9e7086820, 0x00007fb9e7088358]

GC Heap History (10 events):
Event: 25,667 GC heap before
{Heap before GC invocations=24 (full 3):
 PSYoungGen      total 143360K, used 142572K [0x00000000efa00000, 0x00000000f9e00000, 0x0000000100000000)
  eden space 129024K, 100% used [0x00000000efa00000,0x00000000f7800000,0x00000000f7800000)
  from space 14336K, 94% used [0x00000000f8800000,0x00000000f953b030,0x00000000f9600000)
  to   space 16384K, 0% used [0x00000000f7800000,0x00000000f7800000,0x00000000f8800000)
 ParOldGen       total 69120K, used 37643K [0x00000000cee00000, 0x00000000d3180000, 0x00000000efa00000)
  object space 69120K, 54% used [0x00000000cee00000,0x00000000d12c2f50,0x00000000d3180000)
 Metaspace       used 67912K, capacity 76656K, committed 76840K, reserved 1114112K
  class space    used 8615K, capacity 11439K, committed 11560K, reserved 1048576K
Event: 25,697 GC heap after
Heap after GC invocations=24 (full 3):
 PSYoungGen      total 145408K, used 9853K [0x00000000efa00000, 0x00000000fb480000, 0x0000000100000000)
  eden space 129024K, 0% used [0x00000000efa00000,0x00000000efa00000,0x00000000f7800000)
  from space 16384K, 60% used [0x00000000f7800000,0x00000000f819f618,0x00000000f8800000)
  to   space 16384K, 0% used [0x00000000fa480000,0x00000000fa480000,0x00000000fb480000)
 ParOldGen       total 69120K, used 45655K [0x00000000cee00000, 0x00000000d3180000, 0x00000000efa00000)
  object space 69120K, 66% used [0x00000000cee00000,0x00000000d1a95c28,0x00000000d3180000)
 Metaspace       used 67912K, capacity 76656K, committed 76840K, reserved 1114112K
  class space    used 8615K, capacity 11439K, committed 11560K, reserved 1048576K
}
Event: 30,115 GC heap before
{Heap before GC invocations=25 (full 3):
 PSYoungGen      total 145408K, used 138877K [0x00000000efa00000, 0x00000000fb480000, 0x0000000100000000)
  eden space 129024K, 100% used [0x00000000efa00000,0x00000000f7800000,0x00000000f7800000)
  from space 16384K, 60% used [0x00000000f7800000,0x00000000f819f618,0x00000000f8800000)
  to   space 16384K, 0% used [0x00000000fa480000,0x00000000fa480000,0x00000000fb480000)
 ParOldGen       total 69120K, used 45655K [0x00000000cee00000, 0x00000000d3180000, 0x00000000efa00000)
  object space 69120K, 66% used [0x00000000cee00000,0x00000000d1a95c28,0x00000000d3180000)
 Metaspace       used 71498K, capacity 80334K, committed 80552K, reserved 1118208K
  class space    used 9094K, capacity 11858K, committed 11944K, reserved 1048576K
Event: 30,149 GC heap after
Heap after GC invocations=25 (full 3):
 PSYoungGen      total 169984K, used 16375K [0x00000000efa00000, 0x00000000fbb00000, 0x0000000100000000)
  eden space 153600K, 0% used [0x00000000efa00000,0x00000000efa00000,0x00000000f9000000)
  from space 16384K, 99% used [0x00000000fa480000,0x00000000fb47ded0,0x00000000fb480000)
  to   space 20992K, 0% used [0x00000000f9000000,0x00000000f9000000,0x00000000fa480000)
 ParOldGen       total 69120K, used 51774K [0x00000000cee00000, 0x00000000d3180000, 0x00000000efa00000)
  object space 69120K, 74% used [0x00000000cee00000,0x00000000d208fb38,0x00000000d3180000)
 Metaspace       used 71498K, capacity 80334K, committed 80552K, reserved 1118208K
  class space    used 9094K, capacity 11858K, committed 11944K, reserved 1048576K
}
Event: 36,819 GC heap before
{Heap before GC invocations=26 (full 3):
 PSYoungGen      total 169984K, used 169975K [0x00000000efa00000, 0x00000000fbb00000, 0x0000000100000000)
  eden space 153600K, 100% used [0x00000000efa00000,0x00000000f9000000,0x00000000f9000000)
  from space 16384K, 99% used [0x00000000fa480000,0x00000000fb47ded0,0x00000000fb480000)
  to   space 20992K, 0% used [0x00000000f9000000,0x00000000f9000000,0x00000000fa480000)
 ParOldGen       total 69120K, used 51774K [0x00000000cee00000, 0x00000000d3180000, 0x00000000efa00000)
  object space 69120K, 74% used [0x00000000cee00000,0x00000000d208fb38,0x00000000d3180000)
 Metaspace       used 75610K, capacity 84816K, committed 85160K, reserved 1122304K
  class space    used 9503K, capacity 12358K, committed 12456K, reserved 1048576K
Event: 36,853 GC heap after
Heap after GC invocations=26 (full 3):
 PSYoungGen      total 174592K, used 13868K [0x00000000efa00000, 0x00000000fd700000, 0x0000000100000000)
  eden space 153600K, 0% used [0x00000000efa00000,0x00000000efa00000,0x00000000f9000000)
  from space 20992K, 66% used [0x00000000f9000000,0x00000000f9d8b040,0x00000000fa480000)
  to   space 22016K, 0% used [0x00000000fc180000,0x00000000fc180000,0x00000000fd700000)
 ParOldGen       total 69120K, used 68687K [0x00000000cee00000, 0x00000000d3180000, 0x00000000efa00000)
  object space 69120K, 99% used [0x00000000cee00000,0x00000000d3113ce8,0x00000000d3180000)
 Metaspace       used 75610K, capacity 84816K, committed 85160K, reserved 1122304K
  class space    used 9503K, capacity 12358K, committed 12456K, reserved 1048576K
}
Event: 36,853 GC heap before
{Heap before GC invocations=27 (full 4):
 PSYoungGen      total 174592K, used 13868K [0x00000000efa00000, 0x00000000fd700000, 0x0000000100000000)
  eden space 153600K, 0% used [0x00000000efa00000,0x00000000efa00000,0x00000000f9000000)
  from space 20992K, 66% used [0x00000000f9000000,0x00000000f9d8b040,0x00000000fa480000)
  to   space 22016K, 0% used [0x00000000fc180000,0x00000000fc180000,0x00000000fd700000)
 ParOldGen       total 69120K, used 68687K [0x00000000cee00000, 0x00000000d3180000, 0x00000000efa00000)
  object space 69120K, 99% used [0x00000000cee00000,0x00000000d3113ce8,0x00000000d3180000)
 Metaspace       used 75610K, capacity 84816K, committed 85160K, reserved 1122304K
  class space    used 9503K, capacity 12358K, committed 12456K, reserved 1048576K
Event: 37,147 GC heap after
Heap after GC invocations=27 (full 4):
 PSYoungGen      total 174592K, used 4206K [0x00000000efa00000, 0x00000000fd700000, 0x0000000100000000)
  eden space 153600K, 0% used [0x00000000efa00000,0x00000000efa00000,0x00000000f9000000)
  from space 20992K, 20% used [0x00000000f9000000,0x00000000f941bba0,0x00000000fa480000)
  to   space 22016K, 0% used [0x00000000fc180000,0x00000000fc180000,0x00000000fd700000)
 ParOldGen       total 114688K, used 68947K [0x00000000cee00000, 0x00000000d5e00000, 0x00000000efa00000)
  object space 114688K, 60% used [0x00000000cee00000,0x00000000d3154dd0,0x00000000d5e00000)
 Metaspace       used 75610K, capacity 84816K, committed 85160K, reserved 1122304K
  class space    used 9503K, capacity 12358K, committed 12456K, reserved 1048576K
}
Event: 43,206 GC heap before
{Heap before GC invocations=28 (full 4):
 PSYoungGen      total 174592K, used 157806K [0x00000000efa00000, 0x00000000fd700000, 0x0000000100000000)
  eden space 153600K, 100% used [0x00000000efa00000,0x00000000f9000000,0x00000000f9000000)
  from space 20992K, 20% used [0x00000000f9000000,0x00000000f941bba0,0x00000000fa480000)
  to   space 22016K, 0% used [0x00000000fc180000,0x00000000fc180000,0x00000000fd700000)
 ParOldGen       total 114688K, used 68947K [0x00000000cee00000, 0x00000000d5e00000, 0x00000000efa00000)
  object space 114688K, 60% used [0x00000000cee00000,0x00000000d3154dd0,0x00000000d5e00000)
 Metaspace       used 78946K, capacity 88488K, committed 88744K, reserved 1126400K
  class space    used 9860K, capacity 12669K, committed 12712K, reserved 1048576K
Event: 43,240 GC heap after
Heap after GC invocations=28 (full 4):
 PSYoungGen      total 198144K, used 11445K [0x00000000efa00000, 0x00000000fd380000, 0x0000000100000000)
  eden space 179712K, 0% used [0x00000000efa00000,0x00000000efa00000,0x00000000fa980000)
  from space 18432K, 62% used [0x00000000fc180000,0x00000000fccad688,0x00000000fd380000)
  to   space 21504K, 0% used [0x00000000fa980000,0x00000000fa980000,0x00000000fbe80000)
 ParOldGen       total 114688K, used 68955K [0x00000000cee00000, 0x00000000d5e00000, 0x00000000efa00000)
  object space 114688K, 60% used [0x00000000cee00000,0x00000000d3156dd0,0x00000000d5e00000)
 Metaspace       used 78946K, capacity 88488K, committed 88744K, reserved 1126400K
  class space    used 9860K, capacity 12669K, committed 12712K, reserved 1048576K
}

Deoptimization events (10 events):
Event: 44,639 Thread 0x00007fb97422a000 Uncommon trap: reason=unstable_if action=reinterpret pc=0x00007fb9e70fe70c method=sun.misc.VM.toThreadState(I)Ljava/lang/Thread$State; @ 15
Event: 44,969 Thread 0x00007fb9786bd800 Uncommon trap: reason=bimorphic action=maybe_recompile pc=0x00007fb9e70c164c method=java.util.HashMap.removeNode(ILjava/lang/Object;Ljava/lang/Object;ZZ)Ljava/util/HashMap$Node; @ 143
Event: 44,971 Thread 0x00007fb9786bd800 Uncommon trap: reason=bimorphic action=maybe_recompile pc=0x00007fb9e70c164c method=java.util.HashMap.removeNode(ILjava/lang/Object;Ljava/lang/Object;ZZ)Ljava/util/HashMap$Node; @ 143
Event: 45,452 Thread 0x00007fb97422a000 Uncommon trap: reason=unstable_if action=reinterpret pc=0x00007fb9e6c63714 method=java.lang.StackTraceElement.equals(Ljava/lang/Object;)Z @ 43
Event: 47,789 Thread 0x00007fb99c3cc800 Uncommon trap: reason=class_check action=maybe_recompile pc=0x00007fb9e5f129ac method=java.net.URL.getURLStreamHandler(Ljava/lang/String;)Ljava/net/URLStreamHandler; @ 27
Event: 47,876 Thread 0x00007fb99c3c0800 Uncommon trap: reason=unstable_if action=reinterpret pc=0x00007fb9e5dac7f8 method=org.netbeans.core.startup.preferences.PropertiesStorage.filePath()Ljava/lang/String; @ 4
Event: 48,076 Thread 0x00007fb99c3c2000 Uncommon trap: reason=bimorphic action=maybe_recompile pc=0x00007fb9e641484c method=org.openide.filesystems.AbstractFileObject.isFolder()Z @ 18
Event: 48,076 Thread 0x00007fb99c3c2000 Uncommon trap: reason=bimorphic action=maybe_recompile pc=0x00007fb9e641484c method=org.openide.filesystems.AbstractFileObject.isFolder()Z @ 18
Event: 48,076 Thread 0x00007fb99c3c2000 Uncommon trap: reason=bimorphic action=maybe_recompile pc=0x00007fb9e641484c method=org.openide.filesystems.AbstractFileObject.isFolder()Z @ 18
Event: 48,077 Thread 0x00007fb99c3c2000 Uncommon trap: reason=unstable_if action=reinterpret pc=0x00007fb9e5f7666c method=java.io.UnixFileSystem.resolve(Ljava/lang/String;Ljava/lang/String;)Ljava/lang/String; @ 18

Internal exceptions (10 events):
Event: 45,718 Thread 0x00007fb99c3c0800 Exception <a 'java/io/FileNotFoundException'> (0x00000000f1623198) thrown at [/RE-WORK/workspace/8-2-build-linux-amd64/jdk8u45/3457/hotspot/src/share/vm/prims/jni.cpp, line 709]
Event: 45,719 Thread 0x00007fb99c3d4000 Exception <a 'java/lang/InterruptedException': sleep interrupted> (0x00000000f1bf2960) thrown at [/RE-WORK/workspace/8-2-build-linux-amd64/jdk8u45/3457/hotspot/src/share/vm/prims/jvm.cpp, line 3211]
Event: 45,819 Thread 0x00007fb99c3c0800 Exception <a 'sun/nio/fs/UnixException'> (0x00000000f16666a8) thrown at [/RE-WORK/workspace/8-2-build-linux-amd64/jdk8u45/3457/hotspot/src/share/vm/prims/jni.cpp, line 709]
Event: 45,819 Thread 0x00007fb99c3c0800 Exception <a 'sun/nio/fs/UnixException'> (0x00000000f1668078) thrown at [/RE-WORK/workspace/8-2-build-linux-amd64/jdk8u45/3457/hotspot/src/share/vm/prims/jni.cpp, line 709]
Event: 45,821 Thread 0x00007fb99c3c0800 Exception <a 'sun/nio/fs/UnixException'> (0x00000000f167a558) thrown at [/RE-WORK/workspace/8-2-build-linux-amd64/jdk8u45/3457/hotspot/src/share/vm/prims/jni.cpp, line 709]
Event: 45,821 Thread 0x00007fb99c3c0800 Exception <a 'sun/nio/fs/UnixException'> (0x00000000f167bb30) thrown at [/RE-WORK/workspace/8-2-build-linux-amd64/jdk8u45/3457/hotspot/src/share/vm/prims/jni.cpp, line 709]
Event: 45,821 Thread 0x00007fb99c3c0800 Exception <a 'sun/nio/fs/UnixException'> (0x00000000f167ef08) thrown at [/RE-WORK/workspace/8-2-build-linux-amd64/jdk8u45/3457/hotspot/src/share/vm/prims/jni.cpp, line 709]
Event: 47,710 Thread 0x00007fb99c4b0000 Exception <a 'java/lang/InterruptedException'> (0x00000000f14583a8) thrown at [/RE-WORK/workspace/8-2-build-linux-amd64/jdk8u45/3457/hotspot/src/share/vm/runtime/objectMonitor.cpp, line 1683]
Event: 48,078 Thread 0x00007fb99c3c2000 Exception <a 'sun/nio/fs/UnixException'> (0x00000000f1b90d80) thrown at [/RE-WORK/workspace/8-2-build-linux-amd64/jdk8u45/3457/hotspot/src/share/vm/prims/jni.cpp, line 709]
Event: 48,078 Thread 0x00007fb99c3c2000 Exception <a 'sun/nio/fs/UnixException'> (0x00000000f1b92030) thrown at [/RE-WORK/workspace/8-2-build-linux-amd64/jdk8u45/3457/hotspot/src/share/vm/prims/jni.cpp, line 709]

Events (10 events):
Event: 48,563 loading class org/openide/xml/XMLUtil$1
Event: 48,563 loading class org/openide/xml/XMLUtil$1 done
Event: 48,563 loading class org/openide/xml/XMLUtil$1$1
Event: 48,563 loading class org/openide/xml/XMLUtil$1$1 done
Event: 48,563 loading class javax/xml/transform/TransformerFactory
Event: 48,563 loading class javax/xml/transform/TransformerFactory done
Event: 48,563 loading class javax/xml/transform/FactoryFinder
Event: 48,795 Executing VM operation: FindDeadlocks
Event: 48,795 Executing VM operation: FindDeadlocks done
Event: 48,847 loading class sun/misc/Signal$1


Dynamic libraries:
00400000-00401000 r-xp 00000000 08:07 1200484                            /home/nhuan/jdk1.8.0_45/bin/java
00600000-00601000 rw-p 00000000 08:07 1200484                            /home/nhuan/jdk1.8.0_45/bin/java
023fe000-02442000 rw-p 00000000 00:00 0                                  [heap]
cee00000-d5e00000 rw-p 00000000 00:00 0 
d5e00000-efa00000 ---p 00000000 00:00 0 
efa00000-fd380000 rw-p 00000000 00:00 0 
fd380000-100000000 ---p 00000000 00:00 0 
100000000-100c8a000 rw-p 00000000 00:00 0 
100c8a000-140000000 ---p 00000000 00:00 0 
7fb957fe4000-7fb9581e4000 rw-p 00000000 00:00 0 
7fb9581e4000-7fb9583e4000 rw-p 00000000 00:00 0 
7fb9583e4000-7fb9585e4000 rw-p 00000000 00:00 0 
7fb9585e4000-7fb9589ad000 r--s 00000000 08:07 1205932                    /home/nhuan/.cache/netbeans/8.0.2/dict/dictionary_en_US.trie2
7fb9589ad000-7fb958bad000 rw-p 00000000 00:00 0 
7fb958bad000-7fb958dad000 rw-p 00000000 00:00 0 
7fb958dad000-7fb958fad000 rw-p 00000000 00:00 0 
7fb958fad000-7fb9591ad000 rw-p 00000000 00:00 0 
7fb9591ad000-7fb9593ad000 rw-p 00000000 00:00 0 
7fb9593ad000-7fb9595ad000 rw-p 00000000 00:00 0 
7fb9595ad000-7fb9597ad000 rw-p 00000000 00:00 0 
7fb959802000-7fb959a02000 rw-p 00000000 00:00 0 
7fb959a02000-7fb959c02000 rw-p 00000000 00:00 0 
7fb959c02000-7fb959e02000 rw-p 00000000 00:00 0 
7fb959e02000-7fb959e05000 ---p 00000000 00:00 0 
7fb959e05000-7fb95a003000 rw-p 00000000 00:00 0 
7fb95a003000-7fb95a006000 ---p 00000000 00:00 0 
7fb95a006000-7fb95a204000 rw-p 00000000 00:00 0                          [stack:15840]
7fb95a204000-7fb95a207000 ---p 00000000 00:00 0 
7fb95a207000-7fb95a405000 rw-p 00000000 00:00 0                          [stack:15839]
7fb95a405000-7fb95a408000 ---p 00000000 00:00 0 
7fb95a408000-7fb95a606000 rw-p 00000000 00:00 0                          [stack:15838]
7fb95a606000-7fb95a609000 ---p 00000000 00:00 0 
7fb95a609000-7fb95aa07000 rw-p 00000000 00:00 0                          [stack:15837]
7fb95aa07000-7fb95aa0a000 ---p 00000000 00:00 0 
7fb95aa0a000-7fb95ae08000 rw-p 00000000 00:00 0                          [stack:15836]
7fb95ae08000-7fb95b008000 rw-p 00000000 00:00 0 
7fb95b008000-7fb95b208000 rw-p 00000000 00:00 0 
7fb95b208000-7fb95b8ae000 rw-p 00000000 00:00 0 
7fb95b8ae000-7fb95b8d8000 r-xp 00000000 08:07 1200084                    /home/nhuan/jdk1.8.0_45/jre/lib/amd64/libdcpr.so
7fb95b8d8000-7fb95bad8000 ---p 0002a000 08:07 1200084                    /home/nhuan/jdk1.8.0_45/jre/lib/amd64/libdcpr.so
7fb95bad8000-7fb95badb000 rw-p 0002a000 08:07 1200084                    /home/nhuan/jdk1.8.0_45/jre/lib/amd64/libdcpr.so
7fb95badb000-7fb95bbb4000 r-xp 00000000 08:07 1199888                    /home/nhuan/jdk1.8.0_45/jre/lib/amd64/libmlib_image.so
7fb95bbb4000-7fb95bdb4000 ---p 000d9000 08:07 1199888                    /home/nhuan/jdk1.8.0_45/jre/lib/amd64/libmlib_image.so
7fb95bdb4000-7fb95bdb5000 rw-p 000d9000 08:07 1199888                    /home/nhuan/jdk1.8.0_45/jre/lib/amd64/libmlib_image.so
7fb95bdb5000-7fb95bfb5000 rw-p 00000000 00:00 0 
7fb95bfb5000-7fb95c1b5000 rw-p 00000000 00:00 0 
7fb95c1b5000-7fb95c1b8000 ---p 00000000 00:00 0 
7fb95c1b8000-7fb95c5b6000 rw-p 00000000 00:00 0 
7fb95c5b6000-7fb95c7b6000 rw-p 00000000 00:00 0 
7fb95c7b6000-7fb95c7b9000 ---p 00000000 00:00 0 
7fb95c7b9000-7fb95cbb7000 rw-p 00000000 00:00 0                          [stack:15764]
7fb95cbb7000-7fb95cbba000 ---p 00000000 00:00 0 
7fb95cbba000-7fb95cfb8000 rw-p 00000000 00:00 0 
7fb95cfb8000-7fb95cfbb000 ---p 00000000 00:00 0 
7fb95cfbb000-7fb95d1b9000 rw-p 00000000 00:00 0 
7fb95d1b9000-7fb95d1bc000 ---p 00000000 00:00 0 
7fb95d1bc000-7fb95d3ba000 rw-p 00000000 00:00 0                          [stack:15755]
7fb95d3ba000-7fb95d3c2000 r-xp 00000000 08:07 1199894                    /home/nhuan/jdk1.8.0_45/jre/lib/amd64/libmanagement.so
7fb95d3c2000-7fb95d5c2000 ---p 00008000 08:07 1199894                    /home/nhuan/jdk1.8.0_45/jre/lib/amd64/libmanagement.so
7fb95d5c2000-7fb95d5c3000 rw-p 00008000 08:07 1199894                    /home/nhuan/jdk1.8.0_45/jre/lib/amd64/libmanagement.so
7fb95d5c3000-7fb95d5c7000 r-xp 00000000 08:07 5114709                    /usr/lib/x86_64-linux-gnu/gdk-pixbuf-2.0/2.10.0/loaders/libpixbufloader-png.so
7fb95d5c7000-7fb95d7c7000 ---p 00004000 08:07 5114709                    /usr/lib/x86_64-linux-gnu/gdk-pixbuf-2.0/2.10.0/loaders/libpixbufloader-png.so
7fb95d7c7000-7fb95d7c8000 r--p 00004000 08:07 5114709                    /usr/lib/x86_64-linux-gnu/gdk-pixbuf-2.0/2.10.0/loaders/libpixbufloader-png.so
7fb95d7c8000-7fb95d7c9000 rw-p 00005000 08:07 5114709                    /usr/lib/x86_64-linux-gnu/gdk-pixbuf-2.0/2.10.0/loaders/libpixbufloader-png.so
7fb95d7c9000-7fb95d7ca000 ---p 00000000 00:00 0 
7fb95d7ca000-7fb95dfca000 rw-p 00000000 00:00 0 
7fb95dfca000-7fb95dfcb000 ---p 00000000 00:00 0 
7fb95dfcb000-7fb95e7cb000 rw-p 00000000 00:00 0 
7fb95e7cb000-7fb95e7cc000 ---p 00000000 00:00 0 
7fb95e7cc000-7fb95efcc000 rw-p 00000000 00:00 0                          [stack:15749]
7fb95efcc000-7fb95f010000 r-xp 00000000 08:07 3411840                    /lib/x86_64-linux-gnu/libdbus-1.so.3.7.6
7fb95f010000-7fb95f20f000 ---p 00044000 08:07 3411840                    /lib/x86_64-linux-gnu/libdbus-1.so.3.7.6
7fb95f20f000-7fb95f210000 r--p 00043000 08:07 3411840                    /lib/x86_64-linux-gnu/libdbus-1.so.3.7.6
7fb95f210000-7fb95f211000 rw-p 00044000 08:07 3411840                    /lib/x86_64-linux-gnu/libdbus-1.so.3.7.6
7fb95f211000-7fb95f219000 r-xp 00000000 08:07 3411997                    /lib/x86_64-linux-gnu/libnih-dbus.so.1.0.0
7fb95f219000-7fb95f419000 ---p 00008000 08:07 3411997                    /lib/x86_64-linux-gnu/libnih-dbus.so.1.0.0
7fb95f419000-7fb95f41a000 r--p 00008000 08:07 3411997                    /lib/x86_64-linux-gnu/libnih-dbus.so.1.0.0
7fb95f41a000-7fb95f41b000 rw-p 00009000 08:07 3411997                    /lib/x86_64-linux-gnu/libnih-dbus.so.1.0.0
7fb95f41b000-7fb95f432000 r-xp 00000000 08:07 3411999                    /lib/x86_64-linux-gnu/libnih.so.1.0.0
7fb95f432000-7fb95f631000 ---p 00017000 08:07 3411999                    /lib/x86_64-linux-gnu/libnih.so.1.0.0
7fb95f631000-7fb95f632000 r--p 00016000 08:07 3411999                    /lib/x86_64-linux-gnu/libnih.so.1.0.0
7fb95f632000-7fb95f633000 rw-p 00017000 08:07 3411999                    /lib/x86_64-linux-gnu/libnih.so.1.0.0
7fb95f633000-7fb95f64c000 r-xp 00000000 08:07 3408888                    /lib/x86_64-linux-gnu/libcgmanager.so.0.0.0
7fb95f64c000-7fb95f84b000 ---p 00019000 08:07 3408888                    /lib/x86_64-linux-gnu/libcgmanager.so.0.0.0
7fb95f84b000-7fb95f84d000 r--p 00018000 08:07 3408888                    /lib/x86_64-linux-gnu/libcgmanager.so.0.0.0
7fb95f84d000-7fb95f84e000 rw-p 0001a000 08:07 3408888                    /lib/x86_64-linux-gnu/libcgmanager.so.0.0.0
7fb95f84e000-7fb95f85e000 r-xp 00000000 08:07 3408892                    /lib/x86_64-linux-gnu/libudev.so.1.3.5
7fb95f85e000-7fb95fa5d000 ---p 00010000 08:07 3408892                    /lib/x86_64-linux-gnu/libudev.so.1.3.5
7fb95fa5d000-7fb95fa5e000 r--p 0000f000 08:07 3408892                    /lib/x86_64-linux-gnu/libudev.so.1.3.5
7fb95fa5e000-7fb95fa5f000 rw-p 00010000 08:07 3408892                    /lib/x86_64-linux-gnu/libudev.so.1.3.5
7fb95fa5f000-7fb95fa93000 r-xp 00000000 08:07 5115062                    /usr/lib/x86_64-linux-gnu/gvfs/libgvfscommon.so
7fb95fa93000-7fb95fc93000 ---p 00034000 08:07 5115062                    /usr/lib/x86_64-linux-gnu/gvfs/libgvfscommon.so
7fb95fc93000-7fb95fc98000 r--p 00034000 08:07 5115062                    /usr/lib/x86_64-linux-gnu/gvfs/libgvfscommon.so
7fb95fc98000-7fb95fc99000 rw-p 00039000 08:07 5115062                    /usr/lib/x86_64-linux-gnu/gvfs/libgvfscommon.so
7fb95fc99000-7fb95fcc8000 r-xp 00000000 08:07 5114787                    /usr/lib/x86_64-linux-gnu/gio/modules/libgvfsdbus.so
7fb95fcc8000-7fb95fec8000 ---p 0002f000 08:07 5114787                    /usr/lib/x86_64-linux-gnu/gio/modules/libgvfsdbus.so
7fb95fec8000-7fb95fec9000 r--p 0002f000 08:07 5114787                    /usr/lib/x86_64-linux-gnu/gio/modules/libgvfsdbus.so
7fb95fec9000-7fb95feca000 rw-p 00030000 08:07 5114787                    /usr/lib/x86_64-linux-gnu/gio/modules/libgvfsdbus.so
7fb95feca000-7fb95fecb000 rw-p 00000000 00:00 0 
7fb95fecb000-7fb95ff24000 r-xp 00000000 08:07 4858801                    /usr/lib/x86_64-linux-gnu/libibus-1.0.so.5.0.505
7fb95ff24000-7fb960124000 ---p 00059000 08:07 4858801                    /usr/lib/x86_64-linux-gnu/libibus-1.0.so.5.0.505
7fb960124000-7fb960126000 r--p 00059000 08:07 4858801                    /usr/lib/x86_64-linux-gnu/libibus-1.0.so.5.0.505
7fb960126000-7fb960127000 rw-p 0005b000 08:07 4858801                    /usr/lib/x86_64-linux-gnu/libibus-1.0.so.5.0.505
7fb960127000-7fb960128000 rw-p 00000000 00:00 0 
7fb960128000-7fb96012e000 r-xp 00000000 08:07 5115023                    /usr/lib/x86_64-linux-gnu/gtk-2.0/2.10.0/immodules/im-ibus.so
7fb96012e000-7fb96032e000 ---p 00006000 08:07 5115023                    /usr/lib/x86_64-linux-gnu/gtk-2.0/2.10.0/immodules/im-ibus.so
7fb96032e000-7fb96032f000 r--p 00006000 08:07 5115023                    /usr/lib/x86_64-linux-gnu/gtk-2.0/2.10.0/immodules/im-ibus.so
7fb96032f000-7fb960330000 rw-p 00007000 08:07 5115023                    /usr/lib/x86_64-linux-gnu/gtk-2.0/2.10.0/immodules/im-ibus.so
7fb960330000-7fb960530000 rw-p 00000000 00:00 0 
7fb960530000-7fb960533000 ---p 00000000 00:00 0 
7fb960533000-7fb960931000 rw-p 00000000 00:00 0                          [stack:15753]
7fb960931000-7fb960b31000 rw-p 00000000 00:00 0 
7fb960b31000-7fb960b32000 ---p 00000000 00:00 0 
7fb960b32000-7fb961332000 rw-p 00000000 00:00 0                          [stack:15747]
7fb961332000-7fb961333000 ---p 00000000 00:00 0 
7fb961333000-7fb961b33000 rw-p 00000000 00:00 0                          [stack:15746]
7fb961b33000-7fb961b3a000 r-xp 00000000 08:07 4858964                    /usr/lib/x86_64-linux-gnu/libogg.so.0.8.1
7fb961b3a000-7fb961d3a000 ---p 00007000 08:07 4858964                    /usr/lib/x86_64-linux-gnu/libogg.so.0.8.1
7fb961d3a000-7fb961d3b000 r--p 00007000 08:07 4858964                    /usr/lib/x86_64-linux-gnu/libogg.so.0.8.1
7fb961d3b000-7fb961d3c000 rw-p 00008000 08:07 4858964                    /usr/lib/x86_64-linux-gnu/libogg.so.0.8.1
7fb961d3c000-7fb961d68000 r-xp 00000000 08:07 4859242                    /usr/lib/x86_64-linux-gnu/libvorbis.so.0.4.5
7fb961d68000-7fb961f67000 ---p 0002c000 08:07 4859242                    /usr/lib/x86_64-linux-gnu/libvorbis.so.0.4.5
7fb961f67000-7fb961f68000 r--p 0002b000 08:07 4859242                    /usr/lib/x86_64-linux-gnu/libvorbis.so.0.4.5
7fb961f68000-7fb961f69000 rw-p 0002c000 08:07 4859242                    /usr/lib/x86_64-linux-gnu/libvorbis.so.0.4.5
7fb961f69000-7fb961f72000 r-xp 00000000 08:07 4858870                    /usr/lib/x86_64-linux-gnu/libltdl.so.7.3.0
7fb961f72000-7fb962171000 ---p 00009000 08:07 4858870                    /usr/lib/x86_64-linux-gnu/libltdl.so.7.3.0
7fb962171000-7fb962172000 r--p 00008000 08:07 4858870                    /usr/lib/x86_64-linux-gnu/libltdl.so.7.3.0
7fb962172000-7fb962173000 rw-p 00009000 08:07 4858870                    /usr/lib/x86_64-linux-gnu/libltdl.so.7.3.0
7fb962173000-7fb962184000 r-xp 00000000 08:07 4859161                    /usr/lib/x86_64-linux-gnu/libtdb.so.1.2.12
7fb962184000-7fb962383000 ---p 00011000 08:07 4859161                    /usr/lib/x86_64-linux-gnu/libtdb.so.1.2.12
7fb962383000-7fb962384000 r--p 00010000 08:07 4859161                    /usr/lib/x86_64-linux-gnu/libtdb.so.1.2.12
7fb962384000-7fb962385000 rw-p 00011000 08:07 4859161                    /usr/lib/x86_64-linux-gnu/libtdb.so.1.2.12
7fb962385000-7fb96238c000 r-xp 00000000 08:07 4859246                    /usr/lib/x86_64-linux-gnu/libvorbisfile.so.3.3.4
7fb96238c000-7fb96258b000 ---p 00007000 08:07 4859246                    /usr/lib/x86_64-linux-gnu/libvorbisfile.so.3.3.4
7fb96258b000-7fb96258c000 r--p 00006000 08:07 4859246                    /usr/lib/x86_64-linux-gnu/libvorbisfile.so.3.3.4
7fb96258c000-7fb96258d000 rw-p 00007000 08:07 4859246                    /usr/lib/x86_64-linux-gnu/libvorbisfile.so.3.3.4
7fb96258d000-7fb96259c000 r-xp 00000000 08:07 4858384                    /usr/lib/x86_64-linux-gnu/libcanberra.so.0.2.5
7fb96259c000-7fb96279b000 ---p 0000f000 08:07 4858384                    /usr/lib/x86_64-linux-gnu/libcanberra.so.0.2.5
7fb96279b000-7fb96279c000 r--p 0000e000 08:07 4858384                    /usr/lib/x86_64-linux-gnu/libcanberra.so.0.2.5
7fb96279c000-7fb96279d000 rw-p 0000f000 08:07 4858384                    /usr/lib/x86_64-linux-gnu/libcanberra.so.0.2.5
7fb96279d000-7fb9627a1000 r-xp 00000000 08:07 4858380                    /usr/lib/x86_64-linux-gnu/libcanberra-gtk.so.0.1.9
7fb9627a1000-7fb9629a0000 ---p 00004000 08:07 4858380                    /usr/lib/x86_64-linux-gnu/libcanberra-gtk.so.0.1.9
7fb9629a0000-7fb9629a1000 r--p 00003000 08:07 4858380                    /usr/lib/x86_64-linux-gnu/libcanberra-gtk.so.0.1.9
7fb9629a1000-7fb9629a2000 rw-p 00004000 08:07 4858380                    /usr/lib/x86_64-linux-gnu/libcanberra-gtk.so.0.1.9
7fb9629a2000-7fb9629a7000 r-xp 00000000 08:07 5115037                    /usr/lib/x86_64-linux-gnu/gtk-2.0/modules/libcanberra-gtk-module.so
7fb9629a7000-7fb962ba6000 ---p 00005000 08:07 5115037                    /usr/lib/x86_64-linux-gnu/gtk-2.0/modules/libcanberra-gtk-module.so
7fb962ba6000-7fb962ba7000 r--p 00004000 08:07 5115037                    /usr/lib/x86_64-linux-gnu/gtk-2.0/modules/libcanberra-gtk-module.so
7fb962ba7000-7fb962ba8000 rw-p 00005000 08:07 5115037                    /usr/lib/x86_64-linux-gnu/gtk-2.0/modules/libcanberra-gtk-module.so
7fb962c23000-7fb962c2e000 r-xp 00000000 08:07 5114782                    /usr/lib/x86_64-linux-gnu/gio/modules/libdconfsettings.so
7fb962c2e000-7fb962e2e000 ---p 0000b000 08:07 5114782                    /usr/lib/x86_64-linux-gnu/gio/modules/libdconfsettings.so
7fb962e2e000-7fb962e2f000 r--p 0000b000 08:07 5114782                    /usr/lib/x86_64-linux-gnu/gio/modules/libdconfsettings.so
7fb962e2f000-7fb962e30000 rw-p 0000c000 08:07 5114782                    /usr/lib/x86_64-linux-gnu/gio/modules/libdconfsettings.so
7fb962e30000-7fb962e39000 r-xp 00000000 08:07 5115038                    /usr/lib/x86_64-linux-gnu/gtk-2.0/2.10.0/engines/libpixmap.so
7fb962e39000-7fb963039000 ---p 00009000 08:07 5115038                    /usr/lib/x86_64-linux-gnu/gtk-2.0/2.10.0/engines/libpixmap.so
7fb963039000-7fb96303a000 r--p 00009000 08:07 5115038                    /usr/lib/x86_64-linux-gnu/gtk-2.0/2.10.0/engines/libpixmap.so
7fb96303a000-7fb96303b000 rw-p 0000a000 08:07 5115038                    /usr/lib/x86_64-linux-gnu/gtk-2.0/2.10.0/engines/libpixmap.so
7fb963232000-7fb963242000 r-xp 00000000 08:07 4869680                    /usr/lib/x86_64-linux-gnu/libunity-gtk2-parser.so.0.0.0
7fb963242000-7fb963441000 ---p 00010000 08:07 4869680                    /usr/lib/x86_64-linux-gnu/libunity-gtk2-parser.so.0.0.0
7fb963441000-7fb963442000 r--p 0000f000 08:07 4869680                    /usr/lib/x86_64-linux-gnu/libunity-gtk2-parser.so.0.0.0
7fb963442000-7fb963443000 rw-p 00010000 08:07 4869680                    /usr/lib/x86_64-linux-gnu/libunity-gtk2-parser.so.0.0.0
7fb963443000-7fb963448000 r-xp 00000000 08:07 5114433                    /usr/lib/x86_64-linux-gnu/gtk-2.0/modules/libunity-gtk-module.so
7fb963448000-7fb963647000 ---p 00005000 08:07 5114433                    /usr/lib/x86_64-linux-gnu/gtk-2.0/modules/libunity-gtk-module.so
7fb963647000-7fb963648000 r--p 00004000 08:07 5114433                    /usr/lib/x86_64-linux-gnu/gtk-2.0/modules/libunity-gtk-module.so
7fb963648000-7fb963649000 rw-p 00005000 08:07 5114433                    /usr/lib/x86_64-linux-gnu/gtk-2.0/modules/libunity-gtk-module.so
7fb963649000-7fb96365a000 r-xp 00000000 08:07 5115040                    /usr/lib/x86_64-linux-gnu/gtk-2.0/modules/liboverlay-scrollbar.so
7fb96365a000-7fb963859000 ---p 00011000 08:07 5115040                    /usr/lib/x86_64-linux-gnu/gtk-2.0/modules/liboverlay-scrollbar.so
7fb963859000-7fb96385a000 r--p 00010000 08:07 5115040                    /usr/lib/x86_64-linux-gnu/gtk-2.0/modules/liboverlay-scrollbar.so
7fb96385a000-7fb96385b000 rw-p 00011000 08:07 5115040                    /usr/lib/x86_64-linux-gnu/gtk-2.0/modules/liboverlay-scrollbar.so
7fb96385b000-7fb96385e000 ---p 00000000 00:00 0 
7fb96385e000-7fb963a5c000 rw-p 00000000 00:00 0                          [stack:15745]
7fb963a5c000-7fb963a5d000 r-xp 00000000 08:07 4850049                    /usr/lib/x86_64-linux-gnu/libgthread-2.0.so.0.4002.0
7fb963a5d000-7fb963c5c000 ---p 00001000 08:07 4850049                    /usr/lib/x86_64-linux-gnu/libgthread-2.0.so.0.4002.0
7fb963c5c000-7fb963c5d000 r--p 00000000 08:07 4850049                    /usr/lib/x86_64-linux-gnu/libgthread-2.0.so.0.4002.0
7fb963c5d000-7fb963c5e000 rw-p 00001000 08:07 4850049                    /usr/lib/x86_64-linux-gnu/libgthread-2.0.so.0.4002.0
7fb963c5e000-7fb963c64000 r-xp 00000000 08:07 4858448                    /usr/lib/x86_64-linux-gnu/libdatrie.so.1.3.1
7fb963c64000-7fb963e63000 ---p 00006000 08:07 4858448                    /usr/lib/x86_64-linux-gnu/libdatrie.so.1.3.1
7fb963e63000-7fb963e64000 r--p 00005000 08:07 4858448                    /usr/lib/x86_64-linux-gnu/libdatrie.so.1.3.1
7fb963e64000-7fb963e65000 rw-p 00006000 08:07 4858448                    /usr/lib/x86_64-linux-gnu/libdatrie.so.1.3.1
7fb963e65000-7fb963e7f000 r-xp 00000000 08:07 4858674                    /usr/lib/x86_64-linux-gnu/libgraphite2.so.3.0.1
7fb963e7f000-7fb96407e000 ---p 0001a000 08:07 4858674                    /usr/lib/x86_64-linux-gnu/libgraphite2.so.3.0.1
7fb96407e000-7fb964080000 r--p 00019000 08:07 4858674                    /usr/lib/x86_64-linux-gnu/libgraphite2.so.3.0.1
7fb964080000-7fb964081000 rw-p 0001b000 08:07 4858674                    /usr/lib/x86_64-linux-gnu/libgraphite2.so.3.0.1
7fb964081000-7fb9640be000 r-xp 00000000 08:07 3412038                    /lib/x86_64-linux-gnu/libpcre.so.3.13.1
7fb9640be000-7fb9642bd000 ---p 0003d000 08:07 3412038                    /lib/x86_64-linux-gnu/libpcre.so.3.13.1
7fb9642bd000-7fb9642be000 r--p 0003c000 08:07 3412038                    /lib/x86_64-linux-gnu/libpcre.so.3.13.1
7fb9642be000-7fb9642bf000 rw-p 0003d000 08:07 3412038                    /lib/x86_64-linux-gnu/libpcre.so.3.13.1
7fb9642bf000-7fb9642c6000 r-xp 00000000 08:07 4858523                    /usr/lib/x86_64-linux-gnu/libffi.so.6.0.1
7fb9642c6000-7fb9644c5000 ---p 00007000 08:07 4858523                    /usr/lib/x86_64-linux-gnu/libffi.so.6.0.1
7fb9644c5000-7fb9644c6000 r--p 00006000 08:07 4858523                    /usr/lib/x86_64-linux-gnu/libffi.so.6.0.1
7fb9644c6000-7fb9644c7000 rw-p 00007000 08:07 4858523                    /usr/lib/x86_64-linux-gnu/libffi.so.6.0.1
7fb9644c7000-7fb9644ee000 r-xp 00000000 08:07 3411957                    /lib/x86_64-linux-gnu/libexpat.so.1.6.0
7fb9644ee000-7fb9646ee000 ---p 00027000 08:07 3411957                    /lib/x86_64-linux-gnu/libexpat.so.1.6.0
7fb9646ee000-7fb9646f0000 r--p 00027000 08:07 3411957                    /lib/x86_64-linux-gnu/libexpat.so.1.6.0
7fb9646f0000-7fb9646f1000 rw-p 00029000 08:07 3411957                    /lib/x86_64-linux-gnu/libexpat.so.1.6.0
7fb9646f1000-7fb9646f9000 r-xp 00000000 08:07 4859173                    /usr/lib/x86_64-linux-gnu/libthai.so.0.2.0
7fb9646f9000-7fb9648f8000 ---p 00008000 08:07 4859173                    /usr/lib/x86_64-linux-gnu/libthai.so.0.2.0
7fb9648f8000-7fb9648f9000 r--p 00007000 08:07 4859173                    /usr/lib/x86_64-linux-gnu/libthai.so.0.2.0
7fb9648f9000-7fb9648fa000 rw-p 00008000 08:07 4859173                    /usr/lib/x86_64-linux-gnu/libthai.so.0.2.0
7fb9648fa000-7fb96494d000 r-xp 00000000 08:07 4851841                    /usr/lib/x86_64-linux-gnu/libharfbuzz.so.0.927.0
7fb96494d000-7fb964b4d000 ---p 00053000 08:07 4851841                    /usr/lib/x86_64-linux-gnu/libharfbuzz.so.0.927.0
7fb964b4d000-7fb964b4e000 r--p 00053000 08:07 4851841                    /usr/lib/x86_64-linux-gnu/libharfbuzz.so.0.927.0
7fb964b4e000-7fb964b4f000 rw-p 00054000 08:07 4851841                    /usr/lib/x86_64-linux-gnu/libharfbuzz.so.0.927.0
7fb964b4f000-7fb964b66000 r-xp 00000000 08:07 3408161                    /lib/x86_64-linux-gnu/libresolv-2.19.so
7fb964b66000-7fb964d66000 ---p 00017000 08:07 3408161                    /lib/x86_64-linux-gnu/libresolv-2.19.so
7fb964d66000-7fb964d67000 r--p 00017000 08:07 3408161                    /lib/x86_64-linux-gnu/libresolv-2.19.so
7fb964d67000-7fb964d68000 rw-p 00018000 08:07 3408161                    /lib/x86_64-linux-gnu/libresolv-2.19.so
7fb964d68000-7fb964d6a000 rw-p 00000000 00:00 0 
7fb964d6a000-7fb964d8a000 r-xp 00000000 08:07 3412065                    /lib/x86_64-linux-gnu/libselinux.so.1
7fb964d8a000-7fb964f89000 ---p 00020000 08:07 3412065                    /lib/x86_64-linux-gnu/libselinux.so.1
7fb964f89000-7fb964f8a000 r--p 0001f000 08:07 3412065                    /lib/x86_64-linux-gnu/libselinux.so.1
7fb964f8a000-7fb964f8b000 rw-p 00020000 08:07 3412065                    /lib/x86_64-linux-gnu/libselinux.so.1
7fb964f8b000-7fb964f8d000 rw-p 00000000 00:00 0 
7fb964f8d000-7fb964fa5000 r-xp 00000000 08:07 3412098                    /lib/x86_64-linux-gnu/libz.so.1.2.8
7fb964fa5000-7fb9651a4000 ---p 00018000 08:07 3412098                    /lib/x86_64-linux-gnu/libz.so.1.2.8
7fb9651a4000-7fb9651a5000 r--p 00017000 08:07 3412098                    /lib/x86_64-linux-gnu/libz.so.1.2.8
7fb9651a5000-7fb9651a6000 rw-p 00018000 08:07 3412098                    /lib/x86_64-linux-gnu/libz.so.1.2.8
7fb9651a6000-7fb9651ae000 r-xp 00000000 08:07 4859301                    /usr/lib/x86_64-linux-gnu/libxcb-render.so.0.0.0
7fb9651ae000-7fb9653ad000 ---p 00008000 08:07 4859301                    /usr/lib/x86_64-linux-gnu/libxcb-render.so.0.0.0
7fb9653ad000-7fb9653ae000 r--p 00007000 08:07 4859301                    /usr/lib/x86_64-linux-gnu/libxcb-render.so.0.0.0
7fb9653ae000-7fb9653af000 rw-p 00008000 08:07 4859301                    /usr/lib/x86_64-linux-gnu/libxcb-render.so.0.0.0
7fb9653af000-7fb9653b1000 r-xp 00000000 08:07 4859305                    /usr/lib/x86_64-linux-gnu/libxcb-shm.so.0.0.0
7fb9653b1000-7fb9655b0000 ---p 00002000 08:07 4859305                    /usr/lib/x86_64-linux-gnu/libxcb-shm.so.0.0.0
7fb9655b0000-7fb9655b1000 r--p 00001000 08:07 4859305                    /usr/lib/x86_64-linux-gnu/libxcb-shm.so.0.0.0
7fb9655b1000-7fb9655b2000 rw-p 00002000 08:07 4859305                    /usr/lib/x86_64-linux-gnu/libxcb-shm.so.0.0.0
7fb9655b2000-7fb9655d7000 r-xp 00000000 08:07 3412050                    /lib/x86_64-linux-gnu/libpng12.so.0.50.0
7fb9655d7000-7fb9657d6000 ---p 00025000 08:07 3412050                    /lib/x86_64-linux-gnu/libpng12.so.0.50.0
7fb9657d6000-7fb9657d7000 r--p 00024000 08:07 3412050                    /lib/x86_64-linux-gnu/libpng12.so.0.50.0
7fb9657d7000-7fb9657d8000 rw-p 00025000 08:07 3412050                    /lib/x86_64-linux-gnu/libpng12.so.0.50.0
7fb9657d8000-7fb965879000 r-xp 00000000 08:07 4859003                    /usr/lib/x86_64-linux-gnu/libpixman-1.so.0.30.2
7fb965879000-7fb965a79000 ---p 000a1000 08:07 4859003                    /usr/lib/x86_64-linux-gnu/libpixman-1.so.0.30.2
7fb965a79000-7fb965a80000 r--p 000a1000 08:07 4859003                    /usr/lib/x86_64-linux-gnu/libpixman-1.so.0.30.2
7fb965a80000-7fb965a81000 rw-p 000a8000 08:07 4859003                    /usr/lib/x86_64-linux-gnu/libpixman-1.so.0.30.2
7fb965a81000-7fb965b1e000 r-xp 00000000 08:07 4849786                    /usr/lib/x86_64-linux-gnu/libfreetype.so.6.11.1
7fb965b1e000-7fb965d1d000 ---p 0009d000 08:07 4849786                    /usr/lib/x86_64-linux-gnu/libfreetype.so.6.11.1
7fb965d1d000-7fb965d23000 r--p 0009c000 08:07 4849786                    /usr/lib/x86_64-linux-gnu/libfreetype.so.6.11.1
7fb965d23000-7fb965d24000 rw-p 000a2000 08:07 4849786                    /usr/lib/x86_64-linux-gnu/libfreetype.so.6.11.1
7fb965d24000-7fb965d26000 r-xp 00000000 08:07 4858254                    /usr/lib/x86_64-linux-gnu/libXdamage.so.1.1.0
7fb965d26000-7fb965f25000 ---p 00002000 08:07 4858254                    /usr/lib/x86_64-linux-gnu/libXdamage.so.1.1.0
7fb965f25000-7fb965f26000 r--p 00001000 08:07 4858254                    /usr/lib/x86_64-linux-gnu/libXdamage.so.1.1.0
7fb965f26000-7fb965f27000 rw-p 00002000 08:07 4858254                    /usr/lib/x86_64-linux-gnu/libXdamage.so.1.1.0
7fb965f27000-7fb965f29000 r-xp 00000000 08:07 4858250                    /usr/lib/x86_64-linux-gnu/libXcomposite.so.1.0.0
7fb965f29000-7fb966128000 ---p 00002000 08:07 4858250                    /usr/lib/x86_64-linux-gnu/libXcomposite.so.1.0.0
7fb966128000-7fb966129000 r--p 00001000 08:07 4858250                    /usr/lib/x86_64-linux-gnu/libXcomposite.so.1.0.0
7fb966129000-7fb96612a000 rw-p 00002000 08:07 4858250                    /usr/lib/x86_64-linux-gnu/libXcomposite.so.1.0.0
7fb96612a000-7fb966133000 r-xp 00000000 08:07 4858278                    /usr/lib/x86_64-linux-gnu/libXrandr.so.2.2.0
7fb966133000-7fb966332000 ---p 00009000 08:07 4858278                    /usr/lib/x86_64-linux-gnu/libXrandr.so.2.2.0
7fb966332000-7fb966333000 r--p 00008000 08:07 4858278                    /usr/lib/x86_64-linux-gnu/libXrandr.so.2.2.0
7fb966333000-7fb966334000 rw-p 00009000 08:07 4858278                    /usr/lib/x86_64-linux-gnu/libXrandr.so.2.2.0
7fb966334000-7fb966336000 r-xp 00000000 08:07 4858268                    /usr/lib/x86_64-linux-gnu/libXinerama.so.1.0.0
7fb966336000-7fb966535000 ---p 00002000 08:07 4858268                    /usr/lib/x86_64-linux-gnu/libXinerama.so.1.0.0
7fb966535000-7fb966536000 r--p 00001000 08:07 4858268                    /usr/lib/x86_64-linux-gnu/libXinerama.so.1.0.0
7fb966536000-7fb966537000 rw-p 00002000 08:07 4858268                    /usr/lib/x86_64-linux-gnu/libXinerama.so.1.0.0
7fb966537000-7fb96663d000 r-xp 00000000 08:07 3411891                    /lib/x86_64-linux-gnu/libglib-2.0.so.0.4002.0
7fb96663d000-7fb96683c000 ---p 00106000 08:07 3411891                    /lib/x86_64-linux-gnu/libglib-2.0.so.0.4002.0
7fb96683c000-7fb96683d000 r--p 00105000 08:07 3411891                    /lib/x86_64-linux-gnu/libglib-2.0.so.0.4002.0
7fb96683d000-7fb96683e000 rw-p 00106000 08:07 3411891                    /lib/x86_64-linux-gnu/libglib-2.0.so.0.4002.0
7fb96683e000-7fb96683f000 rw-p 00000000 00:00 0 
7fb96683f000-7fb96688e000 r-xp 00000000 08:07 4850046                    /usr/lib/x86_64-linux-gnu/libgobject-2.0.so.0.4002.0
7fb96688e000-7fb966a8e000 ---p 0004f000 08:07 4850046                    /usr/lib/x86_64-linux-gnu/libgobject-2.0.so.0.4002.0
7fb966a8e000-7fb966a8f000 r--p 0004f000 08:07 4850046                    /usr/lib/x86_64-linux-gnu/libgobject-2.0.so.0.4002.0
7fb966a8f000-7fb966a90000 rw-p 00050000 08:07 4850046                    /usr/lib/x86_64-linux-gnu/libgobject-2.0.so.0.4002.0
7fb966a90000-7fb966aca000 r-xp 00000000 08:07 4858537                    /usr/lib/x86_64-linux-gnu/libfontconfig.so.1.8.0
7fb966aca000-7fb966cc9000 ---p 0003a000 08:07 4858537                    /usr/lib/x86_64-linux-gnu/libfontconfig.so.1.8.0
7fb966cc9000-7fb966ccb000 r--p 00039000 08:07 4858537                    /usr/lib/x86_64-linux-gnu/libfontconfig.so.1.8.0
7fb966ccb000-7fb966ccc000 rw-p 0003b000 08:07 4858537                    /usr/lib/x86_64-linux-gnu/libfontconfig.so.1.8.0
7fb966ccc000-7fb966d16000 r-xp 00000000 08:07 4850697                    /usr/lib/x86_64-linux-gnu/libpango-1.0.so.0.3600.3
7fb966d16000-7fb966f16000 ---p 0004a000 08:07 4850697                    /usr/lib/x86_64-linux-gnu/libpango-1.0.so.0.3600.3
7fb966f16000-7fb966f18000 r--p 0004a000 08:07 4850697                    /usr/lib/x86_64-linux-gnu/libpango-1.0.so.0.3600.3
7fb966f18000-7fb966f19000 rw-p 0004c000 08:07 4850697                    /usr/lib/x86_64-linux-gnu/libpango-1.0.so.0.3600.3
7fb966f19000-7fb966f2d000 r-xp 00000000 08:07 4852102                    /usr/lib/x86_64-linux-gnu/libpangoft2-1.0.so.0.3600.3
7fb966f2d000-7fb96712c000 ---p 00014000 08:07 4852102                    /usr/lib/x86_64-linux-gnu/libpangoft2-1.0.so.0.3600.3
7fb96712c000-7fb96712d000 r--p 00013000 08:07 4852102                    /usr/lib/x86_64-linux-gnu/libpangoft2-1.0.so.0.3600.3
7fb96712d000-7fb96712e000 rw-p 00014000 08:07 4852102                    /usr/lib/x86_64-linux-gnu/libpangoft2-1.0.so.0.3600.3
7fb96712e000-7fb96729a000 r-xp 00000000 08:07 4850050                    /usr/lib/x86_64-linux-gnu/libgio-2.0.so.0.4002.0
7fb96729a000-7fb967499000 ---p 0016c000 08:07 4850050                    /usr/lib/x86_64-linux-gnu/libgio-2.0.so.0.4002.0
7fb967499000-7fb96749d000 r--p 0016b000 08:07 4850050                    /usr/lib/x86_64-linux-gnu/libgio-2.0.so.0.4002.0
7fb96749d000-7fb96749f000 rw-p 0016f000 08:07 4850050                    /usr/lib/x86_64-linux-gnu/libgio-2.0.so.0.4002.0
7fb96749f000-7fb9674a1000 rw-p 00000000 00:00 0 
7fb9674a1000-7fb9674c0000 r-xp 00000000 08:07 4858602                    /usr/lib/x86_64-linux-gnu/libgdk_pixbuf-2.0.so.0.3000.7
7fb9674c0000-7fb9676c0000 ---p 0001f000 08:07 4858602                    /usr/lib/x86_64-linux-gnu/libgdk_pixbuf-2.0.so.0.3000.7
7fb9676c0000-7fb9676c1000 r--p 0001f000 08:07 4858602                    /usr/lib/x86_64-linux-gnu/libgdk_pixbuf-2.0.so.0.3000.7
7fb9676c1000-7fb9676c2000 rw-p 00020000 08:07 4858602                    /usr/lib/x86_64-linux-gnu/libgdk_pixbuf-2.0.so.0.3000.7
7fb9676c2000-7fb9677c8000 r-xp 00000000 08:07 4854087                    /usr/lib/x86_64-linux-gnu/libcairo.so.2.11301.0
7fb9677c8000-7fb9679c7000 ---p 00106000 08:07 4854087                    /usr/lib/x86_64-linux-gnu/libcairo.so.2.11301.0
7fb9679c7000-7fb9679ca000 r--p 00105000 08:07 4854087                    /usr/lib/x86_64-linux-gnu/libcairo.so.2.11301.0
7fb9679ca000-7fb9679cb000 rw-p 00108000 08:07 4854087                    /usr/lib/x86_64-linux-gnu/libcairo.so.2.11301.0
7fb9679cb000-7fb9679cd000 rw-p 00000000 00:00 0 
7fb9679cd000-7fb9679ec000 r-xp 00000000 08:07 4858337                    /usr/lib/x86_64-linux-gnu/libatk-1.0.so.0.21009.1
7fb9679ec000-7fb967bec000 ---p 0001f000 08:07 4858337                    /usr/lib/x86_64-linux-gnu/libatk-1.0.so.0.21009.1
7fb967bec000-7fb967bee000 r--p 0001f000 08:07 4858337                    /usr/lib/x86_64-linux-gnu/libatk-1.0.so.0.21009.1
7fb967bee000-7fb967bef000 rw-p 00021000 08:07 4858337                    /usr/lib/x86_64-linux-gnu/libatk-1.0.so.0.21009.1
7fb967bef000-7fb967bfa000 r-xp 00000000 08:07 4850371                    /usr/lib/x86_64-linux-gnu/libpangocairo-1.0.so.0.3600.3
7fb967bfa000-7fb967dfa000 ---p 0000b000 08:07 4850371                    /usr/lib/x86_64-linux-gnu/libpangocairo-1.0.so.0.3600.3
7fb967dfa000-7fb967dfb000 r--p 0000b000 08:07 4850371                    /usr/lib/x86_64-linux-gnu/libpangocairo-1.0.so.0.3600.3
7fb967dfb000-7fb967dfc000 rw-p 0000c000 08:07 4850371                    /usr/lib/x86_64-linux-gnu/libpangocairo-1.0.so.0.3600.3
7fb967dfc000-7fb967dff000 r-xp 00000000 08:07 4850028                    /usr/lib/x86_64-linux-gnu/libgmodule-2.0.so.0.4002.0
7fb967dff000-7fb967ffe000 ---p 00003000 08:07 4850028                    /usr/lib/x86_64-linux-gnu/libgmodule-2.0.so.0.4002.0
7fb967ffe000-7fb967fff000 r--p 00002000 08:07 4850028                    /usr/lib/x86_64-linux-gnu/libgmodule-2.0.so.0.4002.0
7fb967fff000-7fb968000000 rw-p 00003000 08:07 4850028                    /usr/lib/x86_64-linux-gnu/libgmodule-2.0.so.0.4002.0
7fb968000000-7fb968114000 rw-p 00000000 00:00 0 
7fb968114000-7fb96c000000 ---p 00000000 00:00 0 
7fb96c000000-7fb96c0c7000 rw-p 00000000 00:00 0 
7fb96c0c7000-7fb970000000 ---p 00000000 00:00 0 
7fb970000000-7fb970e1a000 rw-p 00000000 00:00 0 
7fb970e1a000-7fb974000000 ---p 00000000 00:00 0 
7fb974000000-7fb97442b000 rw-p 00000000 00:00 0 
7fb97442b000-7fb978000000 ---p 00000000 00:00 0 
7fb978000000-7fb978974000 rw-p 00000000 00:00 0 
7fb978974000-7fb97c000000 ---p 00000000 00:00 0 
7fb97c000000-7fb97c385000 rw-p 00000000 00:00 0 
7fb97c385000-7fb980000000 ---p 00000000 00:00 0 
7fb980000000-7fb9802c9000 rw-p 00000000 00:00 0 
7fb9802c9000-7fb984000000 ---p 00000000 00:00 0 
7fb984000000-7fb984021000 rw-p 00000000 00:00 0 
7fb984021000-7fb988000000 ---p 00000000 00:00 0 
7fb988000000-7fb98802d000 rw-p 00000000 00:00 0 
7fb98802d000-7fb98c000000 ---p 00000000 00:00 0 
7fb98c000000-7fb98c021000 rw-p 00000000 00:00 0 
7fb98c021000-7fb990000000 ---p 00000000 00:00 0 
7fb990000000-7fb9900e4000 rw-p 00000000 00:00 0 
7fb9900e4000-7fb994000000 ---p 00000000 00:00 0 
7fb994000000-7fb994021000 rw-p 00000000 00:00 0 
7fb994021000-7fb998000000 ---p 00000000 00:00 0 
7fb998000000-7fb9980e8000 rw-p 00000000 00:00 0 
7fb9980e8000-7fb99c000000 ---p 00000000 00:00 0 
7fb99c000000-7fb99c8f9000 rw-p 00000000 00:00 0 
7fb99c8f9000-7fb9a0000000 ---p 00000000 00:00 0 
7fb9a0000000-7fb9a0040000 rw-p 00000000 00:00 0 
7fb9a0040000-7fb9a4000000 ---p 00000000 00:00 0 
7fb9a4000000-7fb9a4090000 rw-p 00000000 00:00 0 
7fb9a4090000-7fb9a8000000 ---p 00000000 00:00 0 
7fb9a8000000-7fb9a8021000 rw-p 00000000 00:00 0 
7fb9a8021000-7fb9ac000000 ---p 00000000 00:00 0 
7fb9ac000000-7fb9ac094000 rw-p 00000000 00:00 0 
7fb9ac094000-7fb9b0000000 ---p 00000000 00:00 0 
7fb9b0000000-7fb9b1d44000 rw-p 00000000 00:00 0 
7fb9b1d44000-7fb9b4000000 ---p 00000000 00:00 0 
7fb9b4000000-7fb9b522d000 rw-p 00000000 00:00 0 
7fb9b522d000-7fb9b8000000 ---p 00000000 00:00 0 
7fb9b8000000-7fb9b8021000 rw-p 00000000 00:00 0 
7fb9b8021000-7fb9bc000000 ---p 00000000 00:00 0 
7fb9bc000000-7fb9bdfef000 rw-p 00000000 00:00 0 
7fb9bdfef000-7fb9c0000000 ---p 00000000 00:00 0 
7fb9c0000000-7fb9c0021000 rw-p 00000000 00:00 0 
7fb9c0021000-7fb9c4000000 ---p 00000000 00:00 0 
7fb9c4000000-7fb9c4021000 rw-p 00000000 00:00 0 
7fb9c4021000-7fb9c8000000 ---p 00000000 00:00 0 
7fb9c8000000-7fb9c802d000 rw-p 00000000 00:00 0 
7fb9c802d000-7fb9cc000000 ---p 00000000 00:00 0 
7fb9cc08e000-7fb9cc10e000 rw-s 00000000 00:04 8224779                    /SYSV00000000 (deleted)
7fb9cc12d000-7fb9cc18d000 rw-s 00000000 00:04 8159240                    /SYSV00000000 (deleted)
7fb9cc1aa000-7fb9cc257000 r-xp 00000000 08:07 4858019                    /usr/lib/x86_64-linux-gnu/libgdk-x11-2.0.so.0.2400.23
7fb9cc257000-7fb9cc456000 ---p 000ad000 08:07 4858019                    /usr/lib/x86_64-linux-gnu/libgdk-x11-2.0.so.0.2400.23
7fb9cc456000-7fb9cc45a000 r--p 000ac000 08:07 4858019                    /usr/lib/x86_64-linux-gnu/libgdk-x11-2.0.so.0.2400.23
7fb9cc45a000-7fb9cc45c000 rw-p 000b0000 08:07 4858019                    /usr/lib/x86_64-linux-gnu/libgdk-x11-2.0.so.0.2400.23
7fb9cc45c000-7fb9cc88b000 r-xp 00000000 08:07 4858020                    /usr/lib/x86_64-linux-gnu/libgtk-x11-2.0.so.0.2400.23
7fb9cc88b000-7fb9cca8a000 ---p 0042f000 08:07 4858020                    /usr/lib/x86_64-linux-gnu/libgtk-x11-2.0.so.0.2400.23
7fb9cca8a000-7fb9cca91000 r--p 0042e000 08:07 4858020                    /usr/lib/x86_64-linux-gnu/libgtk-x11-2.0.so.0.2400.23
7fb9cca91000-7fb9cca95000 rw-p 00435000 08:07 4858020                    /usr/lib/x86_64-linux-gnu/libgtk-x11-2.0.so.0.2400.23
7fb9cca95000-7fb9ccc98000 rw-p 00000000 00:00 0 
7fb9ccc98000-7fb9cccaf000 r-xp 00000000 08:07 1201101                    /home/nhuan/netbeans-8.0.2/platform/modules/lib/amd64/linux/libjnidispatch-410.so
7fb9cccaf000-7fb9ccdae000 ---p 00017000 08:07 1201101                    /home/nhuan/netbeans-8.0.2/platform/modules/lib/amd64/linux/libjnidispatch-410.so
7fb9ccdae000-7fb9ccdb0000 rw-p 00016000 08:07 1201101                    /home/nhuan/netbeans-8.0.2/platform/modules/lib/amd64/linux/libjnidispatch-410.so
7fb9ccdb0000-7fb9ccdb3000 ---p 00000000 00:00 0 
7fb9ccdb3000-7fb9ccfb1000 rw-p 00000000 00:00 0                          [stack:15744]
7fb9ccfb1000-7fb9ccfb4000 ---p 00000000 00:00 0 
7fb9ccfb4000-7fb9cd3b2000 rw-p 00000000 00:00 0                          [stack:15743]
7fb9cd3b2000-7fb9cd3b5000 ---p 00000000 00:00 0 
7fb9cd3b5000-7fb9cd5b3000 rw-p 00000000 00:00 0                          [stack:15742]
7fb9cd5b3000-7fb9cd5b6000 ---p 00000000 00:00 0 
7fb9cd5b6000-7fb9cd7b4000 rw-p 00000000 00:00 0                          [stack:15741]
7fb9cd7b4000-7fb9cd7b7000 ---p 00000000 00:00 0 
7fb9cd7b7000-7fb9cd9b5000 rw-p 00000000 00:00 0                          [stack:15740]
7fb9cd9b5000-7fb9cd9b8000 ---p 00000000 00:00 0 
7fb9cd9b8000-7fb9cdbb6000 rw-p 00000000 00:00 0                          [stack:15739]
7fb9cdbb6000-7fb9cdbb9000 ---p 00000000 00:00 0 
7fb9cdbb9000-7fb9cdfb7000 rw-p 00000000 00:00 0                          [stack:15738]
7fb9cdfb7000-7fb9ce1b7000 rw-p 00000000 00:00 0 
7fb9ce1b7000-7fb9ce220000 r-xp 00000000 08:07 1200134                    /home/nhuan/jdk1.8.0_45/jre/lib/amd64/libt2k.so
7fb9ce220000-7fb9ce41f000 ---p 00069000 08:07 1200134                    /home/nhuan/jdk1.8.0_45/jre/lib/amd64/libt2k.so
7fb9ce41f000-7fb9ce426000 rw-p 00068000 08:07 1200134                    /home/nhuan/jdk1.8.0_45/jre/lib/amd64/libt2k.so
7fb9ce426000-7fb9ce436000 rw-p 00000000 00:00 0 
7fb9ce436000-7fb9ce554000 r--s 00000000 08:07 1205905                    /home/nhuan/netbeans-8.0.2/nb/var/cache/all-layers.dat
7fb9ce554000-7fb9ce754000 rw-p 00000000 00:00 0 
7fb9ce754000-7fb9ce757000 ---p 00000000 00:00 0 
7fb9ce757000-7fb9ce955000 rw-p 00000000 00:00 0 
7fb9ce955000-7fb9ce958000 ---p 00000000 00:00 0 
7fb9ce958000-7fb9ceb56000 rw-p 00000000 00:00 0 
7fb9ceb56000-7fb9ceb59000 ---p 00000000 00:00 0 
7fb9ceb59000-7fb9ced57000 rw-p 00000000 00:00 0                          [stack:15729]
7fb9ced57000-7fb9ced5a000 ---p 00000000 00:00 0 
7fb9ced5a000-7fb9cf158000 rw-p 00000000 00:00 0                          [stack:15728]
7fb9cf158000-7fb9cf16e000 r-xp 00000000 08:07 3411912                    /lib/x86_64-linux-gnu/libgcc_s.so.1
7fb9cf16e000-7fb9cf36d000 ---p 00016000 08:07 3411912                    /lib/x86_64-linux-gnu/libgcc_s.so.1
7fb9cf36d000-7fb9cf36e000 rw-p 00015000 08:07 3411912                    /lib/x86_64-linux-gnu/libgcc_s.so.1
7fb9cf36e000-7fb9cf3d3000 r-xp 00000000 08:07 1199865                    /home/nhuan/jdk1.8.0_45/jre/lib/amd64/libfontmanager.so
7fb9cf3d3000-7fb9cf5d2000 ---p 00065000 08:07 1199865                    /home/nhuan/jdk1.8.0_45/jre/lib/amd64/libfontmanager.so
7fb9cf5d2000-7fb9cf5d7000 rw-p 00064000 08:07 1199865                    /home/nhuan/jdk1.8.0_45/jre/lib/amd64/libfontmanager.so
7fb9cf5d7000-7fb9cf5e7000 rw-p 00000000 00:00 0 
7fb9cf5e7000-7fb9cf5ea000 ---p 00000000 00:00 0 
7fb9cf5ea000-7fb9cf7e8000 rw-p 00000000 00:00 0                          [stack:15727]
7fb9cf7e8000-7fb9cf7eb000 ---p 00000000 00:00 0 
7fb9cf7eb000-7fb9cf9e9000 rw-p 00000000 00:00 0 
7fb9cf9e9000-7fb9cf9ec000 ---p 00000000 00:00 0 
7fb9cf9ec000-7fb9cfbea000 rw-p 00000000 00:00 0                          [stack:15725]
7fb9cfbea000-7fb9cfbf9000 r-xp 00000000 08:07 4855082                    /usr/lib/x86_64-linux-gnu/libXi.so.6.1.0
7fb9cfbf9000-7fb9cfdf8000 ---p 0000f000 08:07 4855082                    /usr/lib/x86_64-linux-gnu/libXi.so.6.1.0
7fb9cfdf8000-7fb9cfdf9000 r--p 0000e000 08:07 4855082                    /usr/lib/x86_64-linux-gnu/libXi.so.6.1.0
7fb9cfdf9000-7fb9cfdfa000 rw-p 0000f000 08:07 4855082                    /usr/lib/x86_64-linux-gnu/libXi.so.6.1.0
7fb9cfdfa000-7fb9cfdff000 r-xp 00000000 08:07 4858286                    /usr/lib/x86_64-linux-gnu/libXtst.so.6.1.0
7fb9cfdff000-7fb9cfffe000 ---p 00005000 08:07 4858286                    /usr/lib/x86_64-linux-gnu/libXtst.so.6.1.0
7fb9cfffe000-7fb9cffff000 r--p 00004000 08:07 4858286                    /usr/lib/x86_64-linux-gnu/libXtst.so.6.1.0
7fb9cffff000-7fb9d0000000 rw-p 00005000 08:07 4858286                    /usr/lib/x86_64-linux-gnu/libXtst.so.6.1.0
7fb9d0000000-7fb9d0028000 rw-p 00000000 00:00 0 
7fb9d0028000-7fb9d4000000 ---p 00000000 00:00 0 
7fb9d4000000-7fb9d4323000 rw-p 00000000 00:00 0 
7fb9d4323000-7fb9d8000000 ---p 00000000 00:00 0 
7fb9d8000000-7fb9d8031000 rw-p 00000000 00:00 0 
7fb9d8031000-7fb9dc000000 ---p 00000000 00:00 0 
7fb9dc0cd000-7fb9dc121000 r-xp 00000000 08:07 1199956                    /home/nhuan/jdk1.8.0_45/jre/lib/amd64/libawt_xawt.so
7fb9dc121000-7fb9dc321000 ---p 00054000 08:07 1199956                    /home/nhuan/jdk1.8.0_45/jre/lib/amd64/libawt_xawt.so
7fb9dc321000-7fb9dc325000 rw-p 00054000 08:07 1199956                    /home/nhuan/jdk1.8.0_45/jre/lib/amd64/libawt_xawt.so
7fb9dc325000-7fb9dc326000 rw-p 00000000 00:00 0 
7fb9dc326000-7fb9dc3c8000 r-xp 00000000 08:07 1200136                    /home/nhuan/jdk1.8.0_45/jre/lib/amd64/libawt.so
7fb9dc3c8000-7fb9dc5c8000 ---p 000a2000 08:07 1200136                    /home/nhuan/jdk1.8.0_45/jre/lib/amd64/libawt.so
7fb9dc5c8000-7fb9dc5d4000 rw-p 000a2000 08:07 1200136                    /home/nhuan/jdk1.8.0_45/jre/lib/amd64/libawt.so
7fb9dc5d4000-7fb9dc5f8000 rw-p 00000000 00:00 0 
7fb9dc5f8000-7fb9dc5fb000 ---p 00000000 00:00 0 
7fb9dc5fb000-7fb9dc7f9000 rw-p 00000000 00:00 0                          [stack:15724]
7fb9de8ce000-7fb9de98e000 rw-p 00000000 00:00 0 
7fb9de98e000-7fb9deace000 ---p 00000000 00:00 0 
7fb9deace000-7fb9decce000 rw-p 00000000 00:00 0 
7fb9decce000-7fb9decd1000 ---p 00000000 00:00 0 
7fb9decd1000-7fb9deecf000 rw-p 00000000 00:00 0                          [stack:15723]
7fb9deecf000-7fb9deee5000 r-xp 00000000 08:07 1200132                    /home/nhuan/jdk1.8.0_45/jre/lib/amd64/libnet.so
7fb9deee5000-7fb9df0e5000 ---p 00016000 08:07 1200132                    /home/nhuan/jdk1.8.0_45/jre/lib/amd64/libnet.so
7fb9df0e5000-7fb9df0e6000 rw-p 00016000 08:07 1200132                    /home/nhuan/jdk1.8.0_45/jre/lib/amd64/libnet.so
7fb9df0e6000-7fb9df0f7000 r-xp 00000000 08:07 1200130                    /home/nhuan/jdk1.8.0_45/jre/lib/amd64/libnio.so
7fb9df0f7000-7fb9df2f6000 ---p 00011000 08:07 1200130                    /home/nhuan/jdk1.8.0_45/jre/lib/amd64/libnio.so
7fb9df2f6000-7fb9df2f7000 rw-p 00010000 08:07 1200130                    /home/nhuan/jdk1.8.0_45/jre/lib/amd64/libnio.so
7fb9df2f7000-7fb9df2f8000 ---p 00000000 00:00 0 
7fb9df2f8000-7fb9df3f8000 rw-p 00000000 00:00 0                          [stack:15722]
7fb9df3f8000-7fb9df3fb000 ---p 00000000 00:00 0 
7fb9df3fb000-7fb9df5f9000 rw-p 00000000 00:00 0                          [stack:15721]
7fb9df5f9000-7fb9df5fc000 ---p 00000000 00:00 0 
7fb9df5fc000-7fb9df6fa000 rw-p 00000000 00:00 0                          [stack:15720]
7fb9df6fa000-7fb9df6fd000 ---p 00000000 00:00 0 
7fb9df6fd000-7fb9df7fb000 rw-p 00000000 00:00 0                          [stack:15719]
7fb9df7fb000-7fb9df7fe000 ---p 00000000 00:00 0 
7fb9df7fe000-7fb9df8fc000 rw-p 00000000 00:00 0                          [stack:15718]
7fb9df8fc000-7fb9df8ff000 ---p 00000000 00:00 0 
7fb9df8ff000-7fb9dfafd000 rw-p 00000000 00:00 0                          [stack:15717]
7fb9dfafd000-7fb9dfb00000 ---p 00000000 00:00 0 
7fb9dfb00000-7fb9dfcfe000 rw-p 00000000 00:00 0                          [stack:15716]
7fb9dfcfe000-7fb9dfd01000 ---p 00000000 00:00 0 
7fb9dfd01000-7fb9dfeff000 rw-p 00000000 00:00 0                          [stack:15715]
7fb9dfeff000-7fb9dff00000 ---p 00000000 00:00 0 
7fb9dff00000-7fb9e0000000 rw-p 00000000 00:00 0                          [stack:15714]
7fb9e0000000-7fb9e0046000 rw-p 00000000 00:00 0 
7fb9e0046000-7fb9e4000000 ---p 00000000 00:00 0 
7fb9e40b8000-7fb9e40bb000 ---p 00000000 00:00 0 
7fb9e40bb000-7fb9e5000000 rw-p 00000000 00:00 0                          [stack:15762]
7fb9e5000000-7fb9e7200000 rwxp 00000000 00:00 0 
7fb9e7200000-7fb9f4000000 ---p 00000000 00:00 0 
7fb9f4000000-7fb9f4588000 rw-p 00000000 00:00 0 
7fb9f4588000-7fb9f8000000 ---p 00000000 00:00 0 
7fb9f801e000-7fb9f8021000 ---p 00000000 00:00 0 
7fb9f8021000-7fb9f8057000 rw-p 00000000 00:00 0                          [stack:15760]
7fb9f8057000-7fb9f80a9000 r--p 00000000 08:07 525784                     /usr/share/fonts/truetype/dejavu/DejaVuSansMono.ttf
7fb9f80a9000-7fb9f8282000 r--s 03d09000 08:07 1200386                    /home/nhuan/jdk1.8.0_45/jre/lib/rt.jar
7fb9f8282000-7fb9fa49b000 rw-p 00000000 00:00 0 
7fb9fa49b000-7fb9fa49c000 ---p 00000000 00:00 0 
7fb9fa49c000-7fb9fa59c000 rw-p 00000000 00:00 0                          [stack:15713]
7fb9fa59c000-7fb9fa59d000 ---p 00000000 00:00 0 
7fb9fa59d000-7fb9fa69d000 rw-p 00000000 00:00 0                          [stack:15712]
7fb9fa69d000-7fb9fa69e000 ---p 00000000 00:00 0 
7fb9fa69e000-7fb9fa79e000 rw-p 00000000 00:00 0                          [stack:15711]
7fb9fa79e000-7fb9fa79f000 ---p 00000000 00:00 0 
7fb9fa79f000-7fb9fa8d7000 rw-p 00000000 00:00 0                          [stack:15710]
7fb9fa8d7000-7fb9fa9a5000 ---p 00000000 00:00 0 
7fb9fa9a5000-7fb9faa2d000 rw-p 00000000 00:00 0 
7fb9faa2d000-7fb9fad65000 ---p 00000000 00:00 0 
7fb9fad65000-7fb9fad7f000 r-xp 00000000 08:07 1200128                    /home/nhuan/jdk1.8.0_45/jre/lib/amd64/libzip.so
7fb9fad7f000-7fb9faf7f000 ---p 0001a000 08:07 1200128                    /home/nhuan/jdk1.8.0_45/jre/lib/amd64/libzip.so
7fb9faf7f000-7fb9faf80000 rw-p 0001a000 08:07 1200128                    /home/nhuan/jdk1.8.0_45/jre/lib/amd64/libzip.so
7fb9faf80000-7fb9faf8b000 r-xp 00000000 08:07 3408163                    /lib/x86_64-linux-gnu/libnss_files-2.19.so
7fb9faf8b000-7fb9fb18a000 ---p 0000b000 08:07 3408163                    /lib/x86_64-linux-gnu/libnss_files-2.19.so
7fb9fb18a000-7fb9fb18b000 r--p 0000a000 08:07 3408163                    /lib/x86_64-linux-gnu/libnss_files-2.19.so
7fb9fb18b000-7fb9fb18c000 rw-p 0000b000 08:07 3408163                    /lib/x86_64-linux-gnu/libnss_files-2.19.so
7fb9fb18c000-7fb9fb197000 r-xp 00000000 08:07 3408183                    /lib/x86_64-linux-gnu/libnss_nis-2.19.so
7fb9fb197000-7fb9fb396000 ---p 0000b000 08:07 3408183                    /lib/x86_64-linux-gnu/libnss_nis-2.19.so
7fb9fb396000-7fb9fb397000 r--p 0000a000 08:07 3408183                    /lib/x86_64-linux-gnu/libnss_nis-2.19.so
7fb9fb397000-7fb9fb398000 rw-p 0000b000 08:07 3408183                    /lib/x86_64-linux-gnu/libnss_nis-2.19.so
7fb9fb398000-7fb9fb3af000 r-xp 00000000 08:07 3408172                    /lib/x86_64-linux-gnu/libnsl-2.19.so
7fb9fb3af000-7fb9fb5ae000 ---p 00017000 08:07 3408172                    /lib/x86_64-linux-gnu/libnsl-2.19.so
7fb9fb5ae000-7fb9fb5af000 r--p 00016000 08:07 3408172                    /lib/x86_64-linux-gnu/libnsl-2.19.so
7fb9fb5af000-7fb9fb5b0000 rw-p 00017000 08:07 3408172                    /lib/x86_64-linux-gnu/libnsl-2.19.so
7fb9fb5b0000-7fb9fb5b2000 rw-p 00000000 00:00 0 
7fb9fb5b2000-7fb9fb5bb000 r-xp 00000000 08:07 3408171                    /lib/x86_64-linux-gnu/libnss_compat-2.19.so
7fb9fb5bb000-7fb9fb7ba000 ---p 00009000 08:07 3408171                    /lib/x86_64-linux-gnu/libnss_compat-2.19.so
7fb9fb7ba000-7fb9fb7bb000 r--p 00008000 08:07 3408171                    /lib/x86_64-linux-gnu/libnss_compat-2.19.so
7fb9fb7bb000-7fb9fb7bc000 rw-p 00009000 08:07 3408171                    /lib/x86_64-linux-gnu/libnss_compat-2.19.so
7fb9fb7bc000-7fb9fb7e6000 r-xp 00000000 08:07 1200086                    /home/nhuan/jdk1.8.0_45/jre/lib/amd64/libjava.so
7fb9fb7e6000-7fb9fb9e6000 ---p 0002a000 08:07 1200086                    /home/nhuan/jdk1.8.0_45/jre/lib/amd64/libjava.so
7fb9fb9e6000-7fb9fb9e8000 rw-p 0002a000 08:07 1200086                    /home/nhuan/jdk1.8.0_45/jre/lib/amd64/libjava.so
7fb9fb9e8000-7fb9fb9f5000 r-xp 00000000 08:07 1200031                    /home/nhuan/jdk1.8.0_45/jre/lib/amd64/libverify.so
7fb9fb9f5000-7fb9fbbf5000 ---p 0000d000 08:07 1200031                    /home/nhuan/jdk1.8.0_45/jre/lib/amd64/libverify.so
7fb9fbbf5000-7fb9fbbf7000 rw-p 0000d000 08:07 1200031                    /home/nhuan/jdk1.8.0_45/jre/lib/amd64/libverify.so
7fb9fbbf7000-7fb9fbbfe000 r-xp 00000000 08:07 3408180                    /lib/x86_64-linux-gnu/librt-2.19.so
7fb9fbbfe000-7fb9fbdfd000 ---p 00007000 08:07 3408180                    /lib/x86_64-linux-gnu/librt-2.19.so
7fb9fbdfd000-7fb9fbdfe000 r--p 00006000 08:07 3408180                    /lib/x86_64-linux-gnu/librt-2.19.so
7fb9fbdfe000-7fb9fbdff000 rw-p 00007000 08:07 3408180                    /lib/x86_64-linux-gnu/librt-2.19.so
7fb9fbdff000-7fb9fbe02000 ---p 00000000 00:00 0 
7fb9fbe02000-7fb9fc000000 rw-p 00000000 00:00 0                          [stack:15709]
7fb9fc000000-7fb9fc1cd000 rw-p 00000000 00:00 0 
7fb9fc1cd000-7fba00000000 ---p 00000000 00:00 0 
7fba0002a000-7fba0004b000 r--s 00000000 08:07 8339                       /usr/share/mime/mime.cache
7fba0004b000-7fba00083000 rw-p 00000000 00:00 0 
7fba00083000-7fba00151000 ---p 00000000 00:00 0 
7fba00151000-7fba001be000 rw-p 00000000 00:00 0 
7fba001be000-7fba001d4000 ---p 00000000 00:00 0 
7fba001d4000-7fba001d5000 rw-p 00000000 00:00 0 
7fba001d5000-7fba001da000 r-xp 00000000 08:07 4855065                    /usr/lib/x86_64-linux-gnu/libXfixes.so.3.1.0
7fba001da000-7fba003d9000 ---p 00005000 08:07 4855065                    /usr/lib/x86_64-linux-gnu/libXfixes.so.3.1.0
7fba003d9000-7fba003da000 r--p 00004000 08:07 4855065                    /usr/lib/x86_64-linux-gnu/libXfixes.so.3.1.0
7fba003da000-7fba003db000 rw-p 00005000 08:07 4855065                    /usr/lib/x86_64-linux-gnu/libXfixes.so.3.1.0
7fba003db000-7fba003e4000 r-xp 00000000 08:07 4858259                    /usr/lib/x86_64-linux-gnu/libXrender.so.1.3.0
7fba003e4000-7fba005e3000 ---p 00009000 08:07 4858259                    /usr/lib/x86_64-linux-gnu/libXrender.so.1.3.0
7fba005e3000-7fba005e4000 r--p 00008000 08:07 4858259                    /usr/lib/x86_64-linux-gnu/libXrender.so.1.3.0
7fba005e4000-7fba005e5000 rw-p 00009000 08:07 4858259                    /usr/lib/x86_64-linux-gnu/libXrender.so.1.3.0
7fba005e5000-7fba005ee000 r-xp 00000000 08:07 4858252                    /usr/lib/x86_64-linux-gnu/libXcursor.so.1.0.2
7fba005ee000-7fba007ed000 ---p 00009000 08:07 4858252                    /usr/lib/x86_64-linux-gnu/libXcursor.so.1.0.2
7fba007ed000-7fba007ee000 r--p 00008000 08:07 4858252                    /usr/lib/x86_64-linux-gnu/libXcursor.so.1.0.2
7fba007ee000-7fba007ef000 rw-p 00009000 08:07 4858252                    /usr/lib/x86_64-linux-gnu/libXcursor.so.1.0.2
7fba007ef000-7fba01041000 r--p 00000000 08:07 4857153                    /usr/lib/locale/locale-archive
7fba01041000-7fba01042000 ---p 00000000 00:00 0 
7fba01042000-7fba01842000 rw-p 00000000 00:00 0 
7fba01842000-7fba01847000 r-xp 00000000 08:07 4858256                    /usr/lib/x86_64-linux-gnu/libXdmcp.so.6.0.0
7fba01847000-7fba01a46000 ---p 00005000 08:07 4858256                    /usr/lib/x86_64-linux-gnu/libXdmcp.so.6.0.0
7fba01a46000-7fba01a47000 r--p 00004000 08:07 4858256                    /usr/lib/x86_64-linux-gnu/libXdmcp.so.6.0.0
7fba01a47000-7fba01a48000 rw-p 00005000 08:07 4858256                    /usr/lib/x86_64-linux-gnu/libXdmcp.so.6.0.0
7fba01a48000-7fba01a4a000 r-xp 00000000 08:07 4858245                    /usr/lib/x86_64-linux-gnu/libXau.so.6.0.0
7fba01a4a000-7fba01c4a000 ---p 00002000 08:07 4858245                    /usr/lib/x86_64-linux-gnu/libXau.so.6.0.0
7fba01c4a000-7fba01c4b000 r--p 00002000 08:07 4858245                    /usr/lib/x86_64-linux-gnu/libXau.so.6.0.0
7fba01c4b000-7fba01c4c000 rw-p 00003000 08:07 4858245                    /usr/lib/x86_64-linux-gnu/libXau.so.6.0.0
7fba01c4c000-7fba01c69000 r-xp 00000000 08:07 4859315                    /usr/lib/x86_64-linux-gnu/libxcb.so.1.1.0
7fba01c69000-7fba01e69000 ---p 0001d000 08:07 4859315                    /usr/lib/x86_64-linux-gnu/libxcb.so.1.1.0
7fba01e69000-7fba01e6a000 r--p 0001d000 08:07 4859315                    /usr/lib/x86_64-linux-gnu/libxcb.so.1.1.0
7fba01e6a000-7fba01e6b000 rw-p 0001e000 08:07 4859315                    /usr/lib/x86_64-linux-gnu/libxcb.so.1.1.0
7fba01e6b000-7fba01e7c000 r-xp 00000000 08:07 4855044                    /usr/lib/x86_64-linux-gnu/libXext.so.6.4.0
7fba01e7c000-7fba0207b000 ---p 00011000 08:07 4855044                    /usr/lib/x86_64-linux-gnu/libXext.so.6.4.0
7fba0207b000-7fba0207c000 r--p 00010000 08:07 4855044                    /usr/lib/x86_64-linux-gnu/libXext.so.6.4.0
7fba0207c000-7fba0207d000 rw-p 00011000 08:07 4855044                    /usr/lib/x86_64-linux-gnu/libXext.so.6.4.0
7fba0207d000-7fba021ad000 r-xp 00000000 08:07 4858241                    /usr/lib/x86_64-linux-gnu/libX11.so.6.3.0
7fba021ad000-7fba023ad000 ---p 00130000 08:07 4858241                    /usr/lib/x86_64-linux-gnu/libX11.so.6.3.0
7fba023ad000-7fba023ae000 r--p 00130000 08:07 4858241                    /usr/lib/x86_64-linux-gnu/libX11.so.6.3.0
7fba023ae000-7fba023b2000 rw-p 00131000 08:07 4858241                    /usr/lib/x86_64-linux-gnu/libX11.so.6.3.0
7fba023b2000-7fba02413000 r-xp 00000000 08:07 1199848                    /home/nhuan/jdk1.8.0_45/jre/lib/amd64/libsplashscreen.so
7fba02413000-7fba02612000 ---p 00061000 08:07 1199848                    /home/nhuan/jdk1.8.0_45/jre/lib/amd64/libsplashscreen.so
7fba02612000-7fba02613000 rw-p 00060000 08:07 1199848                    /home/nhuan/jdk1.8.0_45/jre/lib/amd64/libsplashscreen.so
7fba02613000-7fba02616000 rw-p 00000000 00:00 0 
7fba02616000-7fba0271b000 r-xp 00000000 08:07 3408162                    /lib/x86_64-linux-gnu/libm-2.19.so
7fba0271b000-7fba0291a000 ---p 00105000 08:07 3408162                    /lib/x86_64-linux-gnu/libm-2.19.so
7fba0291a000-7fba0291b000 r--p 00104000 08:07 3408162                    /lib/x86_64-linux-gnu/libm-2.19.so
7fba0291b000-7fba0291c000 rw-p 00105000 08:07 3408162                    /lib/x86_64-linux-gnu/libm-2.19.so
7fba0291c000-7fba035ca000 r-xp 00000000 08:07 1199884                    /home/nhuan/jdk1.8.0_45/jre/lib/amd64/server/libjvm.so
7fba035ca000-7fba037c9000 ---p 00cae000 08:07 1199884                    /home/nhuan/jdk1.8.0_45/jre/lib/amd64/server/libjvm.so
7fba037c9000-7fba038a0000 rw-p 00cad000 08:07 1199884                    /home/nhuan/jdk1.8.0_45/jre/lib/amd64/server/libjvm.so
7fba038a0000-7fba038e4000 rw-p 00000000 00:00 0 
7fba038e4000-7fba03a9f000 r-xp 00000000 08:07 3408177                    /lib/x86_64-linux-gnu/libc-2.19.so
7fba03a9f000-7fba03c9e000 ---p 001bb000 08:07 3408177                    /lib/x86_64-linux-gnu/libc-2.19.so
7fba03c9e000-7fba03ca2000 r--p 001ba000 08:07 3408177                    /lib/x86_64-linux-gnu/libc-2.19.so
7fba03ca2000-7fba03ca4000 rw-p 001be000 08:07 3408177                    /lib/x86_64-linux-gnu/libc-2.19.so
7fba03ca4000-7fba03ca9000 rw-p 00000000 00:00 0 
7fba03ca9000-7fba03cac000 r-xp 00000000 08:07 3408166                    /lib/x86_64-linux-gnu/libdl-2.19.so
7fba03cac000-7fba03eab000 ---p 00003000 08:07 3408166                    /lib/x86_64-linux-gnu/libdl-2.19.so
7fba03eab000-7fba03eac000 r--p 00002000 08:07 3408166                    /lib/x86_64-linux-gnu/libdl-2.19.so
7fba03eac000-7fba03ead000 rw-p 00003000 08:07 3408166                    /lib/x86_64-linux-gnu/libdl-2.19.so
7fba03ead000-7fba03ec2000 r-xp 00000000 08:07 1200144                    /home/nhuan/jdk1.8.0_45/lib/amd64/jli/libjli.so
7fba03ec2000-7fba040c2000 ---p 00015000 08:07 1200144                    /home/nhuan/jdk1.8.0_45/lib/amd64/jli/libjli.so
7fba040c2000-7fba040c3000 rw-p 00015000 08:07 1200144                    /home/nhuan/jdk1.8.0_45/lib/amd64/jli/libjli.so
7fba040c3000-7fba040dc000 r-xp 00000000 08:07 3408178                    /lib/x86_64-linux-gnu/libpthread-2.19.so
7fba040dc000-7fba042db000 ---p 00019000 08:07 3408178                    /lib/x86_64-linux-gnu/libpthread-2.19.so
7fba042db000-7fba042dc000 r--p 00018000 08:07 3408178                    /lib/x86_64-linux-gnu/libpthread-2.19.so
7fba042dc000-7fba042dd000 rw-p 00019000 08:07 3408178                    /lib/x86_64-linux-gnu/libpthread-2.19.so
7fba042dd000-7fba042e1000 rw-p 00000000 00:00 0 
7fba042e1000-7fba04304000 r-xp 00000000 08:07 3408174                    /lib/x86_64-linux-gnu/ld-2.19.so
7fba04316000-7fba04319000 r--s 0001a000 08:07 1200362                    /home/nhuan/jdk1.8.0_45/jre/lib/jce.jar
7fba04319000-7fba04370000 r--p 00000000 08:07 525947                     /usr/share/fonts/truetype/ubuntu-font-family/Ubuntu-R.ttf
7fba04370000-7fba04371000 r--s 00000000 08:07 928441                     /var/cache/fontconfig/c05880de57d1f5e948fdfacc138775d9-le64.cache-4
7fba04371000-7fba0437c000 r--s 00000000 08:07 928435                     /var/cache/fontconfig/945677eb7aeaf62f1d50efc3fb3ec7d8-le64.cache-4
7fba0437c000-7fba04382000 r--s 00000000 08:07 928421                     /var/cache/fontconfig/2cd17615ca594fa2959ae173292e504c-le64.cache-4
7fba04382000-7fba04383000 r--s 00000000 08:07 928451                     /var/cache/fontconfig/e7071f4a29fa870f4323321c154eba04-le64.cache-4
7fba04383000-7fba04384000 r--s 00000000 08:07 928418                     /var/cache/fontconfig/0d8c3b2ac0904cb8a57a757ad11a4a08-le64.cache-4
7fba04384000-7fba0438b000 r--s 00000000 08:07 928438                     /var/cache/fontconfig/a755afe4a08bf5b97852ceb7400b47bc-le64.cache-4
7fba0438b000-7fba0438f000 r--s 00000000 08:07 933739                     /var/cache/fontconfig/6d41288fd70b0be22e8c3a91e032eec0-le64.cache-4
7fba0438f000-7fba04393000 r--s 00000000 08:07 932417                     /var/cache/fontconfig/de156ccd2eddbdc19d37a45b8b2aac9c-le64.cache-4
7fba04393000-7fba043a7000 r--s 00000000 08:07 928416                     /var/cache/fontconfig/04aabc0a78ac019cf9454389977116d2-le64.cache-4
7fba043a7000-7fba043a8000 r--s 00000000 08:07 928420                     /var/cache/fontconfig/1ac9eb803944fde146138c791f5cc56a-le64.cache-4
7fba043a8000-7fba043ac000 r--s 00000000 08:07 928424                     /var/cache/fontconfig/385c0604a188198f04d133e54aba7fe7-le64.cache-4
7fba043ac000-7fba043ad000 r--s 00000000 08:07 928448                     /var/cache/fontconfig/dc05db6664285cc2f12bf69c139ae4c3-le64.cache-4
7fba043ad000-7fba043af000 r--s 00000000 08:07 928432                     /var/cache/fontconfig/767a8244fc0220cfb567a839d0392e0b-le64.cache-4
7fba043af000-7fba043b4000 r--s 00000000 08:07 928434                     /var/cache/fontconfig/8801497958630a81b71ace7c5f9b32a8-le64.cache-4
7fba043b4000-7fba043c7000 r--s 00000000 08:07 928445                     /var/cache/fontconfig/d52a8644073d54c13679302ca1180695-le64.cache-4
7fba04416000-7fba04452000 rw-s 00000000 00:04 9273354                    /SYSV00000000 (deleted)
7fba04452000-7fba04453000 r--s 00000000 08:07 922698                     /var/cache/fontconfig/4794a0821666d79190d59a36cb4f44b5-le64.cache-4
7fba04453000-7fba0445a000 r--s 00000000 08:07 928422                     /var/cache/fontconfig/3047814df9a2f067bd2d96a2b9c36e5a-le64.cache-4
7fba0445a000-7fba0445b000 r--s 00000000 08:07 928428                     /var/cache/fontconfig/56cf4f4769d0f4abc89a4895d7bd3ae1-le64.cache-4
7fba0445b000-7fba0445c000 r--s 00000000 08:07 928440                     /var/cache/fontconfig/b9d506c9ac06c20b433354fa67a72993-le64.cache-4
7fba0445c000-7fba04462000 r--s 00000000 08:07 928439                     /var/cache/fontconfig/b47c4e1ecd0709278f4910c18777a504-le64.cache-4
7fba04462000-7fba0446b000 r--s 00000000 08:07 917962                     /var/cache/fontconfig/3f7329c5293ffd510edef78f73874cfd-le64.cache-4
7fba0446b000-7fba04476000 r--s 00000000 08:07 929877                     /var/cache/fontconfig/d589a48862398ed80a3d6066f4f56f4c-le64.cache-4
7fba04476000-7fba04477000 r--s 00000000 08:07 928417                     /var/cache/fontconfig/0c9eb80ebd1c36541ebe2852d3bb0c49-le64.cache-4
7fba04477000-7fba0447a000 r--s 00000000 08:07 923554                     /var/cache/fontconfig/e13b20fdb08344e0e664864cc2ede53d-le64.cache-4
7fba0447a000-7fba0447e000 r--s 00000000 08:07 933738                     /var/cache/fontconfig/7ef2298fde41cc6eeb7af42e48b7d293-le64.cache-4
7fba0448f000-7fba04495000 r--p 00000000 08:07 284263                     /home/nhuan/.config/dconf/user
7fba04495000-7fba044d6000 r--p 00000000 08:07 529361                     /usr/share/glib-2.0/schemas/gschemas.compiled
7fba044d6000-7fba044dd000 r--s 00000000 08:07 5116722                    /usr/lib/x86_64-linux-gnu/gconv/gconv-modules.cache
7fba044dd000-7fba044e1000 rw-p 00000000 00:00 0 
7fba044e1000-7fba044e6000 r--s 00094000 08:07 1200332                    /home/nhuan/jdk1.8.0_45/jre/lib/jsse.jar
7fba044e6000-7fba044f6000 rw-p 00000000 00:00 0 
7fba044f6000-7fba044fe000 rw-s 00000000 08:07 1189051                    /tmp/hsperfdata_nhuan/15707
7fba044fe000-7fba044ff000 rw-p 00000000 00:00 0 
7fba044ff000-7fba04500000 r--p 00000000 00:00 0 
7fba04500000-7fba04501000 r--s 00000000 00:15 871458                     /run/user/1000/dconf/user
7fba04501000-7fba04503000 rw-p 00000000 00:00 0 
7fba04503000-7fba04504000 r--p 00022000 08:07 3408174                    /lib/x86_64-linux-gnu/ld-2.19.so
7fba04504000-7fba04505000 rw-p 00023000 08:07 3408174                    /lib/x86_64-linux-gnu/ld-2.19.so
7fba04505000-7fba04506000 rw-p 00000000 00:00 0 
7ffdf0b1c000-7ffdf0b3e000 rw-p 00000000 00:00 0                          [stack]
7ffdf0b8b000-7ffdf0b8d000 r-xp 00000000 00:00 0                          [vdso]
ffffffffff600000-ffffffffff601000 r-xp 00000000 00:00 0                  [vsyscall]

VM Arguments:
jvm_args: -Djdk.home=/home/nhuan/jdk1.8.0_45 -Dnetbeans.default_userdir_root=/home/nhuan/.netbeans -Dnetbeans.running.environment=gnome -Dnetbeans.dirs=/home/nhuan/netbeans-8.0.2/nb:/home/nhuan/netbeans-8.0.2/ergonomics:/home/nhuan/netbeans-8.0.2/ide:/home/nhuan/netbeans-8.0.2/extide:/home/nhuan/netbeans-8.0.2/java:/home/nhuan/netbeans-8.0.2/apisupport:/home/nhuan/netbeans-8.0.2/webcommon:/home/nhuan/netbeans-8.0.2/websvccommon:/home/nhuan/netbeans-8.0.2/enterprise:/home/nhuan/netbeans-8.0.2/mobility:/home/nhuan/netbeans-8.0.2/profiler:/home/nhuan/netbeans-8.0.2/python:/home/nhuan/netbeans-8.0.2/php:/home/nhuan/netbeans-8.0.2/identity:/home/nhuan/netbeans-8.0.2/harness:/home/nhuan/netbeans-8.0.2/cnd:/home/nhuan/netbeans-8.0.2/dlight:/home/nhuan/netbeans-8.0.2/groovy:/home/nhuan/netbeans-8.0.2/extra:/home/nhuan/netbeans-8.0.2/javacard:/home/nhuan/netbeans-8.0.2/javafx: -Dnetbeans.home=/home/nhuan/netbeans-8.0.2/platform -Dnetbeans.importclass=org.netbeans.upgrade.AutoUpgrade -Dnetbeans.accept_license_class=org.netbeans.license.AcceptLicense -Xmx785m -Xss2m -Xms32m -XX:PermSize=32m -Dapple.laf.useScreenMenuBar=true -Dapple.awt.graphics.UseQuartz=true -Dsun.java2d.noddraw=true -Dsun.java2d.dpiaware=true -Dsun.zip.disableMemoryMapping=true -XX:+HeapDumpOnOutOfMemoryError -XX:HeapDumpPath=/home/nhuan/.netbeans/8.0.2/var/log/heapdump.hprof 
java_command: org.netbeans.Main --cachedir /home/nhuan/.cache/netbeans/8.0.2 --userdir /home/nhuan/.netbeans/8.0.2 --branding nb
java_class_path (initial): /home/nhuan/netbeans-8.0.2/platform/lib/boot.jar:/home/nhuan/netbeans-8.0.2/platform/lib/org-openide-modules.jar:/home/nhuan/netbeans-8.0.2/platform/lib/org-openide-util.jar:/home/nhuan/netbeans-8.0.2/platform/lib/org-openide-util-lookup.jar:/home/nhuan/netbeans-8.0.2/platform/lib/locale/boot_ja.jar:/home/nhuan/netbeans-8.0.2/platform/lib/locale/boot_pt_BR.jar:/home/nhuan/netbeans-8.0.2/platform/lib/locale/boot_ru.jar:/home/nhuan/netbeans-8.0.2/platform/lib/locale/boot_zh_CN.jar:/home/nhuan/netbeans-8.0.2/platform/lib/locale/org-openide-modules_ja.jar:/home/nhuan/netbeans-8.0.2/platform/lib/locale/org-openide-modules_pt_BR.jar:/home/nhuan/netbeans-8.0.2/platform/lib/locale/org-openide-modules_ru.jar:/home/nhuan/netbeans-8.0.2/platform/lib/locale/org-openide-modules_zh_CN.jar:/home/nhuan/netbeans-8.0.2/platform/lib/locale/org-openide-util_ja.jar:/home/nhuan/netbeans-8.0.2/platform/lib/locale/org-openide-util-lookup_ja.jar:/home/nhuan/netbeans-8.0.2/platform/lib/locale/org-openide-util-lookup_pt_BR.jar:/home/nhuan/netbeans-8.0.2/platform/lib/locale/org-openide-util-lookup_ru.jar:/home/nhuan/netbeans-8.0.2/platform/lib/locale/org-openide-util-lookup_zh_CN.jar:/home/nhuan/netbeans-8.0.2/platform/lib/locale/org-openide-util_pt_BR.jar:/home/nhuan/netbeans-8.0.2/platform/lib/locale/org-openide-util_ru.jar:/home/nhuan/netbeans-8.0.2/platform/lib/locale/org-openide-util_zh_CN.jar:/home/nhuan/jdk1.8.0_45/lib/dt.jar:/home/nhuan/jdk1.8.0_45/lib/tools.jar
Launcher Type: SUN_STANDARD

Environment Variables:
PATH=/usr/local/sbin:/usr/local/bin:/usr/sbin:/usr/bin:/sbin:/bin:/usr/games:/usr/local/games:/home/nhuan/cassandra/bin
LD_LIBRARY_PATH=/home/nhuan/jdk1.8.0_45/jre/lib/amd64:/home/nhuan/jdk1.8.0_45/jre/lib/i386:
SHELL=/bin/bash
DISPLAY=:0.0

Signal Handlers:
SIGSEGV: [libjvm.so+0xaad1e0], sa_mask[0]=11111111011111111101111111111110, sa_flags=SA_RESTART|SA_SIGINFO
SIGBUS: [libjvm.so+0xaad1e0], sa_mask[0]=11111111011111111101111111111110, sa_flags=SA_RESTART|SA_SIGINFO
SIGFPE: [libjvm.so+0x90b450], sa_mask[0]=11111111011111111101111111111110, sa_flags=SA_RESTART|SA_SIGINFO
SIGPIPE: SIG_IGN, sa_mask[0]=00000000000010000000000000000000, sa_flags=SA_RESTART
SIGXFSZ: [libjvm.so+0x90b450], sa_mask[0]=11111111011111111101111111111110, sa_flags=SA_RESTART|SA_SIGINFO
SIGILL: [libjvm.so+0x90b450], sa_mask[0]=11111111011111111101111111111110, sa_flags=SA_RESTART|SA_SIGINFO
SIGUSR1: SIG_DFL, sa_mask[0]=00000000000000000000000000000000, sa_flags=none
SIGUSR2: [libjvm.so+0x90ca90], sa_mask[0]=00000000000000000000000000000000, sa_flags=SA_RESTART|SA_SIGINFO
SIGHUP: [libjvm.so+0x90dde0], sa_mask[0]=11111111011111111101111111111110, sa_flags=SA_RESTART|SA_SIGINFO
SIGINT: SIG_IGN, sa_mask[0]=00000000000000000000000000000000, sa_flags=none
SIGTERM: [libjvm.so+0x90dde0], sa_mask[0]=11111111011111111101111111111110, sa_flags=SA_RESTART|SA_SIGINFO
SIGQUIT: [libjvm.so+0x90dde0], sa_mask[0]=11111111011111111101111111111110, sa_flags=SA_RESTART|SA_SIGINFO


---------------  S Y S T E M  ---------------

OS:DISTRIB_ID=Ubuntu
DISTRIB_RELEASE=14.04
DISTRIB_CODENAME=trusty
DISTRIB_DESCRIPTION="Ubuntu 14.04.2 LTS"

uname:Linux 3.13.0-51-generic #84-Ubuntu SMP Wed Apr 15 12:08:34 UTC 2015 x86_64
libc:glibc 2.19 NPTL 2.19 
rlimit: STACK 8192k, CORE 0k, NPROC 31263, NOFILE 4096, AS infinity
load average:7,35 5,51 3,08

/proc/meminfo:
MemTotal:        4023392 kB
MemFree:         1967864 kB
Buffers:           39428 kB
Cached:           455904 kB
SwapCached:        19644 kB
Active:          1087792 kB
Inactive:         663988 kB
Active(anon):     988072 kB
Inactive(anon):   285296 kB
Active(file):      99720 kB
Inactive(file):   378692 kB
Unevictable:          48 kB
Mlocked:              48 kB
SwapTotal:       8388604 kB
SwapFree:        8246256 kB
Dirty:              3268 kB
Writeback:             0 kB
AnonPages:       1241204 kB
Mapped:            94804 kB
Shmem:             16960 kB
Slab:              92208 kB
SReclaimable:      49672 kB
SUnreclaim:        42536 kB
KernelStack:        5440 kB
PageTables:        27560 kB
NFS_Unstable:          0 kB
Bounce:                0 kB
WritebackTmp:          0 kB
CommitLimit:    10400300 kB
Committed_AS:    3852932 kB
VmallocTotal:   34359738367 kB
VmallocUsed:      135148 kB
VmallocChunk:   34359593644 kB
HardwareCorrupted:     0 kB
AnonHugePages:    522240 kB
HugePages_Total:       0
HugePages_Free:        0
HugePages_Rsvd:        0
HugePages_Surp:        0
Hugepagesize:       2048 kB
DirectMap4k:     2700456 kB
DirectMap2M:     1470464 kB


CPU:total 4 (2 cores per cpu, 2 threads per core) family 6 model 42 stepping 7, cmov, cx8, fxsr, mmx, sse, sse2, sse3, ssse3, sse4.1, sse4.2, popcnt, avx, aes, clmul, ht, tsc, tscinvbit

/proc/cpuinfo:
processor	: 0
vendor_id	: GenuineIntel
cpu family	: 6
model		: 42
model name	: Intel(R) Core(TM) i5-2450M CPU @ 2.50GHz
stepping	: 7
microcode	: 0x1b
cpu MHz		: 2501.000
cache size	: 3072 KB
physical id	: 0
siblings	: 4
core id		: 0
cpu cores	: 2
apicid		: 0
initial apicid	: 0
fpu		: yes
fpu_exception	: yes
cpuid level	: 13
wp		: yes
flags		: fpu vme de pse tsc msr pae mce cx8 apic sep mtrr pge mca cmov pat pse36 clflush dts acpi mmx fxsr sse sse2 ss ht tm pbe syscall nx rdtscp lm constant_tsc arch_perfmon pebs bts rep_good nopl xtopology nonstop_tsc aperfmperf eagerfpu pni pclmulqdq dtes64 monitor ds_cpl vmx est tm2 ssse3 cx16 xtpr pdcm pcid sse4_1 sse4_2 x2apic popcnt tsc_deadline_timer aes xsave avx lahf_lm ida arat epb xsaveopt pln pts dtherm tpr_shadow vnmi flexpriority ept vpid
bogomips	: 4988.56
clflush size	: 64
cache_alignment	: 64
address sizes	: 36 bits physical, 48 bits virtual
power management:

processor	: 1
vendor_id	: GenuineIntel
cpu family	: 6
model		: 42
model name	: Intel(R) Core(TM) i5-2450M CPU @ 2.50GHz
stepping	: 7
microcode	: 0x1b
cpu MHz		: 2501.000
cache size	: 3072 KB
physical id	: 0
siblings	: 4
core id		: 1
cpu cores	: 2
apicid		: 2
initial apicid	: 2
fpu		: yes
fpu_exception	: yes
cpuid level	: 13
wp		: yes
flags		: fpu vme de pse tsc msr pae mce cx8 apic sep mtrr pge mca cmov pat pse36 clflush dts acpi mmx fxsr sse sse2 ss ht tm pbe syscall nx rdtscp lm constant_tsc arch_perfmon pebs bts rep_good nopl xtopology nonstop_tsc aperfmperf eagerfpu pni pclmulqdq dtes64 monitor ds_cpl vmx est tm2 ssse3 cx16 xtpr pdcm pcid sse4_1 sse4_2 x2apic popcnt tsc_deadline_timer aes xsave avx lahf_lm ida arat epb xsaveopt pln pts dtherm tpr_shadow vnmi flexpriority ept vpid
bogomips	: 4988.56
clflush size	: 64
cache_alignment	: 64
address sizes	: 36 bits physical, 48 bits virtual
power management:

processor	: 2
vendor_id	: GenuineIntel
cpu family	: 6
model		: 42
model name	: Intel(R) Core(TM) i5-2450M CPU @ 2.50GHz
stepping	: 7
microcode	: 0x1b
cpu MHz		: 2501.000
cache size	: 3072 KB
physical id	: 0
siblings	: 4
core id		: 0
cpu cores	: 2
apicid		: 1
initial apicid	: 1
fpu		: yes
fpu_exception	: yes
cpuid level	: 13
wp		: yes
flags		: fpu vme de pse tsc msr pae mce cx8 apic sep mtrr pge mca cmov pat pse36 clflush dts acpi mmx fxsr sse sse2 ss ht tm pbe syscall nx rdtscp lm constant_tsc arch_perfmon pebs bts rep_good nopl xtopology nonstop_tsc aperfmperf eagerfpu pni pclmulqdq dtes64 monitor ds_cpl vmx est tm2 ssse3 cx16 xtpr pdcm pcid sse4_1 sse4_2 x2apic popcnt tsc_deadline_timer aes xsave avx lahf_lm ida arat epb xsaveopt pln pts dtherm tpr_shadow vnmi flexpriority ept vpid
bogomips	: 4988.56
clflush size	: 64
cache_alignment	: 64
address sizes	: 36 bits physical, 48 bits virtual
power management:

processor	: 3
vendor_id	: GenuineIntel
cpu family	: 6
model		: 42
model name	: Intel(R) Core(TM) i5-2450M CPU @ 2.50GHz
stepping	: 7
microcode	: 0x1b
cpu MHz		: 2501.000
cache size	: 3072 KB
physical id	: 0
siblings	: 4
core id		: 1
cpu cores	: 2
apicid		: 3
initial apicid	: 3
fpu		: yes
fpu_exception	: yes
cpuid level	: 13
wp		: yes
flags		: fpu vme de pse tsc msr pae mce cx8 apic sep mtrr pge mca cmov pat pse36 clflush dts acpi mmx fxsr sse sse2 ss ht tm pbe syscall nx rdtscp lm constant_tsc arch_perfmon pebs bts rep_good nopl xtopology nonstop_tsc aperfmperf eagerfpu pni pclmulqdq dtes64 monitor ds_cpl vmx est tm2 ssse3 cx16 xtpr pdcm pcid sse4_1 sse4_2 x2apic popcnt tsc_deadline_timer aes xsave avx lahf_lm ida arat epb xsaveopt pln pts dtherm tpr_shadow vnmi flexpriority ept vpid
bogomips	: 4988.56
clflush size	: 64
cache_alignment	: 64
address sizes	: 36 bits physical, 48 bits virtual
power management:



Memory: 4k page, physical 4023392k(1967864k free), swap 8388604k(8246256k free)

vm_info: Java HotSpot(TM) 64-Bit Server VM (25.45-b02) for linux-amd64 JRE (1.8.0_45-b14), built on Apr 10 2015 10:07:45 by "java_re" with gcc 4.3.0 20080428 (Red Hat 4.3.0-8)

time: Sat May  2 13:56:41 2015
elapsed time: 50 seconds (0d 0h 0m 50s)

